[19:00:32] [main/INFO]: Setting user: sor1n
[19:00:34] [Client thread/INFO]: LWJGL Version: 2.9.1
[19:00:39] [Client thread/INFO]: Reloading ResourceManager: Default, FMLFileResourcePack:Forge Mod Loader, FMLFileResourcePack:Minecraft Forge, FMLFileResourcePack:Jewelrycraft
[19:00:41] [Sound Library Loader/INFO]: Sound engine started
[19:00:41] [Client thread/ERROR]: Using missing texture, unable to load jewelrycraft:textures/blocks/shadowEye.png
java.io.FileNotFoundException: jewelrycraft:textures/blocks/shadowEye.png
	at net.minecraft.client.resources.FallbackResourceManager.getResource(FallbackResourceManager.java:65) ~[FallbackResourceManager.class:?]
	at net.minecraft.client.resources.SimpleReloadableResourceManager.getResource(SimpleReloadableResourceManager.java:67) ~[SimpleReloadableResourceManager.class:?]
	at net.minecraft.client.renderer.texture.TextureMap.loadTextureAtlas(TextureMap.java:126) [TextureMap.class:?]
	at net.minecraft.client.renderer.texture.TextureMap.loadTexture(TextureMap.java:91) [TextureMap.class:?]
	at net.minecraft.client.renderer.texture.TextureManager.loadTexture(TextureManager.java:89) [TextureManager.class:?]
	at net.minecraft.client.renderer.texture.TextureManager.loadTickableTexture(TextureManager.java:71) [TextureManager.class:?]
	at net.minecraft.client.renderer.texture.TextureManager.loadTextureMap(TextureManager.java:58) [TextureManager.class:?]
	at net.minecraft.client.Minecraft.startGame(Minecraft.java:582) [Minecraft.class:?]
	at net.minecraft.client.Minecraft.run(Minecraft.java:931) [Minecraft.class:?]
	at net.minecraft.client.main.Main.main(Main.java:164) [Main.class:?]
	at sun.reflect.NativeMethodAccessorImpl.invoke0(Native Method) ~[?:1.7.0_65]
	at sun.reflect.NativeMethodAccessorImpl.invoke(Unknown Source) ~[?:1.7.0_65]
	at sun.reflect.DelegatingMethodAccessorImpl.invoke(Unknown Source) ~[?:1.7.0_65]
	at java.lang.reflect.Method.invoke(Unknown Source) ~[?:1.7.0_65]
	at net.minecraft.launchwrapper.Launch.launch(Launch.java:134) [launchwrapper-1.9.jar:?]
	at net.minecraft.launchwrapper.Launch.main(Launch.java:28) [launchwrapper-1.9.jar:?]
[19:00:41] [Client thread/INFO]: Created: 512x256 textures/blocks-atlas
[19:00:41] [Client thread/INFO]: Created: 256x256 textures/items-atlas
[19:00:41] [Client thread/INFO]: Reloading ResourceManager: Default, FMLFileResourcePack:Forge Mod Loader, FMLFileResourcePack:Minecraft Forge, FMLFileResourcePack:Jewelrycraft
[19:00:42] [Client thread/INFO]: Created: 256x256 textures/items-atlas
[19:00:42] [Client thread/ERROR]: Using missing texture, unable to load jewelrycraft:textures/blocks/shadowEye.png
java.io.FileNotFoundException: jewelrycraft:textures/blocks/shadowEye.png
	at net.minecraft.client.resources.FallbackResourceManager.getResource(FallbackResourceManager.java:65) ~[FallbackResourceManager.class:?]
	at net.minecraft.client.resources.SimpleReloadableResourceManager.getResource(SimpleReloadableResourceManager.java:67) ~[SimpleReloadableResourceManager.class:?]
	at net.minecraft.client.renderer.texture.TextureMap.loadTextureAtlas(TextureMap.java:126) [TextureMap.class:?]
	at net.minecraft.client.renderer.texture.TextureMap.loadTexture(TextureMap.java:91) [TextureMap.class:?]
	at net.minecraft.client.renderer.texture.TextureManager.loadTexture(TextureManager.java:89) [TextureManager.class:?]
	at net.minecraft.client.renderer.texture.TextureManager.onResourceManagerReload(TextureManager.java:170) [TextureManager.class:?]
	at net.minecraft.client.resources.SimpleReloadableResourceManager.notifyReloadListeners(SimpleReloadableResourceManager.java:134) [SimpleReloadableResourceManager.class:?]
	at net.minecraft.client.resources.SimpleReloadableResourceManager.reloadResources(SimpleReloadableResourceManager.java:118) [SimpleReloadableResourceManager.class:?]
	at net.minecraft.client.Minecraft.refreshResources(Minecraft.java:643) [Minecraft.class:?]
	at cpw.mods.fml.client.FMLClientHandler.finishMinecraftLoading(FMLClientHandler.java:303) [FMLClientHandler.class:?]
	at net.minecraft.client.Minecraft.startGame(Minecraft.java:586) [Minecraft.class:?]
	at net.minecraft.client.Minecraft.run(Minecraft.java:931) [Minecraft.class:?]
	at net.minecraft.client.main.Main.main(Main.java:164) [Main.class:?]
	at sun.reflect.NativeMethodAccessorImpl.invoke0(Native Method) ~[?:1.7.0_65]
	at sun.reflect.NativeMethodAccessorImpl.invoke(Unknown Source) ~[?:1.7.0_65]
	at sun.reflect.DelegatingMethodAccessorImpl.invoke(Unknown Source) ~[?:1.7.0_65]
	at java.lang.reflect.Method.invoke(Unknown Source) ~[?:1.7.0_65]
	at net.minecraft.launchwrapper.Launch.launch(Launch.java:134) [launchwrapper-1.9.jar:?]
	at net.minecraft.launchwrapper.Launch.main(Launch.java:28) [launchwrapper-1.9.jar:?]
[19:00:42] [Client thread/INFO]: Created: 512x256 textures/blocks-atlas
[19:00:43] [Sound Library Loader/INFO]: Sound engine started
[19:00:44] [Server thread/INFO]: Starting integrated minecraft server version 1.7.10
[19:00:44] [Server thread/INFO]: Generating keypair
[19:00:45] [Server thread/INFO]: Preparing start region for level 0
[19:00:46] [Server thread/INFO]: Preparing spawn area: 66%
[19:00:46] [Server thread/INFO]: Changing view distance to 6, from 10
[19:00:47] [Server thread/INFO]: sor1n[local:E:6470c9dd] logged in with entity id 814 at (19.21679118594574, 241.8794491783661, 22.006492216970756)
[19:00:47] [Server thread/INFO]: sor1n joined the game
[19:27:16] [Client thread/INFO]: [CHAT] Smelter is now smelting a Oak Leaves.
[19:27:16] [Client thread/INFO]: [CHAT] Smelting extra ingots (2)
[19:27:17] [Client thread/INFO]: [CHAT] Smelting extra ingots (3)
[19:27:17] [Client thread/INFO]: [CHAT] Smelting extra ingots (4)
[19:27:17] [Client thread/INFO]: [CHAT] Smelting extra ingots (5)
[19:27:17] [Client thread/INFO]: [CHAT] Smelting extra ingots (6)
[19:27:17] [Client thread/INFO]: [CHAT] Smelting extra ingots (7)
[19:27:18] [Client thread/INFO]: [CHAT] Smelting extra ingots (8)
[19:27:18] [Client thread/INFO]: [CHAT] Smelting extra ingots (9)
[19:27:18] [Client thread/INFO]: [CHAT] Smelter is at full capacity.
[19:27:18] [Client thread/INFO]: [CHAT] Smelter is at full capacity.
[19:27:30] [Client thread/INFO]: [CHAT] Smelter is now smelting a Wither Skeleton Skull.
[19:27:30] [Client thread/INFO]: [CHAT] Smelting extra ingots (2)
[19:27:30] [Client thread/INFO]: [CHAT] Smelting extra ingots (3)
[19:27:30] [Client thread/INFO]: [CHAT] Smelting extra ingots (4)
[19:27:31] [Client thread/INFO]: [CHAT] Smelting extra ingots (5)
[19:27:31] [Client thread/INFO]: [CHAT] Smelting extra ingots (6)
[19:27:31] [Client thread/INFO]: [CHAT] Smelting extra ingots (7)
[19:27:31] [Client thread/INFO]: [CHAT] Smelting extra ingots (8)
[19:27:31] [Client thread/INFO]: [CHAT] Smelting extra ingots (9)
[19:27:32] [Client thread/INFO]: [CHAT] Smelter is at full capacity.
[19:27:32] [Client thread/INFO]: [CHAT] Smelter is at full capacity.
[19:27:48] [Client thread/INFO]: [CHAT] Smelter is now smelting a Pumpkin.
[19:27:48] [Client thread/INFO]: [CHAT] Smelting extra ingots (2)
[19:27:48] [Client thread/INFO]: [CHAT] Smelting extra ingots (3)
[19:27:49] [Client thread/INFO]: [CHAT] Smelting extra ingots (4)
[19:27:49] [Client thread/INFO]: [CHAT] Smelting extra ingots (5)
[19:27:49] [Client thread/INFO]: [CHAT] Smelting extra ingots (6)
[19:27:49] [Client thread/INFO]: [CHAT] Smelting extra ingots (7)
[19:27:49] [Client thread/INFO]: [CHAT] Smelting extra ingots (8)
[19:27:50] [Client thread/INFO]: [CHAT] Smelting extra ingots (9)
[19:27:50] [Client thread/INFO]: [CHAT] Smelter is at full capacity.
[19:27:50] [Client thread/INFO]: [CHAT] Smelter is at full capacity.
[19:29:51] [Server thread/INFO]: Saving and pausing game...
[19:29:51] [Server thread/INFO]: Saving chunks for level 'Test'/Overworld
[19:29:51] [Server thread/INFO]: Saving chunks for level 'Test'/Nether
[19:29:51] [Server thread/INFO]: Saving chunks for level 'Test'/The End
[19:29:52] [Server thread/INFO]: Stopping server
[19:29:52] [Server thread/INFO]: Saving players
[19:29:52] [Server thread/INFO]: Saving worlds
[19:29:52] [Server thread/INFO]: Saving chunks for level 'Test'/Overworld
[19:29:52] [Server thread/INFO]: Saving chunks for level 'Test'/Nether
[19:29:52] [Server thread/INFO]: Saving chunks for level 'Test'/The End
[19:30:10] [Server thread/INFO]: Starting minecraft server version 1.7.10
[19:30:20] [Server thread/ERROR]: Encountered an unexpected exception
cpw.mods.fml.common.LoaderException: java.lang.NoClassDefFoundError: net/minecraft/client/renderer/EntityRenderer
	at cpw.mods.fml.common.LoadController.transition(LoadController.java:162) ~[LoadController.class:?]
	at cpw.mods.fml.common.Loader.preinitializeMods(Loader.java:515) ~[Loader.class:?]
	at cpw.mods.fml.server.FMLServerHandler.beginServerLoading(FMLServerHandler.java:88) ~[FMLServerHandler.class:?]
	at cpw.mods.fml.common.FMLCommonHandler.onServerStart(FMLCommonHandler.java:313) ~[FMLCommonHandler.class:?]
	at net.minecraft.server.dedicated.DedicatedServer.startServer(DedicatedServer.java:120) ~[DedicatedServer.class:?]
	at net.minecraft.server.MinecraftServer.run(MinecraftServer.java:445) [MinecraftServer.class:?]
	at net.minecraft.server.MinecraftServer$2.run(MinecraftServer.java:752) [MinecraftServer$2.class:?]
Caused by: java.lang.NoClassDefFoundError: net/minecraft/client/renderer/EntityRenderer
	at java.lang.Class.getDeclaredConstructors0(Native Method) ~[?:1.7.0_65]
	at java.lang.Class.privateGetDeclaredConstructors(Unknown Source) ~[?:1.7.0_65]
	at java.lang.Class.getConstructor0(Unknown Source) ~[?:1.7.0_65]
	at java.lang.Class.getConstructor(Unknown Source) ~[?:1.7.0_65]
	at cpw.mods.fml.common.eventhandler.EventBus.register(EventBus.java:88) ~[EventBus.class:?]
	at cpw.mods.fml.common.eventhandler.EventBus.register(EventBus.java:72) ~[EventBus.class:?]
	at darkknight.jewelrycraft.JewelrycraftMod.preInit(JewelrycraftMod.java:112) ~[JewelrycraftMod.class:?]
	at sun.reflect.NativeMethodAccessorImpl.invoke0(Native Method) ~[?:1.7.0_65]
	at sun.reflect.NativeMethodAccessorImpl.invoke(Unknown Source) ~[?:1.7.0_65]
	at sun.reflect.DelegatingMethodAccessorImpl.invoke(Unknown Source) ~[?:1.7.0_65]
	at java.lang.reflect.Method.invoke(Unknown Source) ~[?:1.7.0_65]
	at cpw.mods.fml.common.FMLModContainer.handleModStateEvent(FMLModContainer.java:513) ~[FMLModContainer.class:?]
	at sun.reflect.NativeMethodAccessorImpl.invoke0(Native Method) ~[?:1.7.0_65]
	at sun.reflect.NativeMethodAccessorImpl.invoke(Unknown Source) ~[?:1.7.0_65]
	at sun.reflect.DelegatingMethodAccessorImpl.invoke(Unknown Source) ~[?:1.7.0_65]
	at java.lang.reflect.Method.invoke(Unknown Source) ~[?:1.7.0_65]
	at com.google.common.eventbus.EventSubscriber.handleEvent(EventSubscriber.java:74) ~[guava-17.0.jar:?]
	at com.google.common.eventbus.SynchronizedEventSubscriber.handleEvent(SynchronizedEventSubscriber.java:47) ~[guava-17.0.jar:?]
	at com.google.common.eventbus.EventBus.dispatch(EventBus.java:322) ~[guava-17.0.jar:?]
	at com.google.common.eventbus.EventBus.dispatchQueuedEvents(EventBus.java:304) ~[guava-17.0.jar:?]
	at com.google.common.eventbus.EventBus.post(EventBus.java:275) ~[guava-17.0.jar:?]
	at cpw.mods.fml.common.LoadController.sendEventToModContainer(LoadController.java:208) ~[LoadController.class:?]
	at cpw.mods.fml.common.LoadController.propogateStateMessage(LoadController.java:187) ~[LoadController.class:?]
	at sun.reflect.NativeMethodAccessorImpl.invoke0(Native Method) ~[?:1.7.0_65]
	at sun.reflect.NativeMethodAccessorImpl.invoke(Unknown Source) ~[?:1.7.0_65]
	at sun.reflect.DelegatingMethodAccessorImpl.invoke(Unknown Source) ~[?:1.7.0_65]
	at java.lang.reflect.Method.invoke(Unknown Source) ~[?:1.7.0_65]
	at com.google.common.eventbus.EventSubscriber.handleEvent(EventSubscriber.java:74) ~[guava-17.0.jar:?]
	at com.google.common.eventbus.SynchronizedEventSubscriber.handleEvent(SynchronizedEventSubscriber.java:47) ~[guava-17.0.jar:?]
	at com.google.common.eventbus.EventBus.dispatch(EventBus.java:322) ~[guava-17.0.jar:?]
	at com.google.common.eventbus.EventBus.dispatchQueuedEvents(EventBus.java:304) ~[guava-17.0.jar:?]
	at com.google.common.eventbus.EventBus.post(EventBus.java:275) ~[guava-17.0.jar:?]
	at cpw.mods.fml.common.LoadController.distributeStateMessage(LoadController.java:118) ~[LoadController.class:?]
	at cpw.mods.fml.common.Loader.preinitializeMods(Loader.java:513) ~[Loader.class:?]
	... 5 more
Caused by: java.lang.ClassNotFoundException: net.minecraft.client.renderer.EntityRenderer
	at net.minecraft.launchwrapper.LaunchClassLoader.findClass(LaunchClassLoader.java:188) ~[launchwrapper-1.9.jar:?]
	at java.lang.ClassLoader.loadClass(Unknown Source) ~[?:1.7.0_65]
	at java.lang.ClassLoader.loadClass(Unknown Source) ~[?:1.7.0_65]
	at java.lang.Class.getDeclaredConstructors0(Native Method) ~[?:1.7.0_65]
	at java.lang.Class.privateGetDeclaredConstructors(Unknown Source) ~[?:1.7.0_65]
	at java.lang.Class.getConstructor0(Unknown Source) ~[?:1.7.0_65]
	at java.lang.Class.getConstructor(Unknown Source) ~[?:1.7.0_65]
	at cpw.mods.fml.common.eventhandler.EventBus.register(EventBus.java:88) ~[EventBus.class:?]
	at cpw.mods.fml.common.eventhandler.EventBus.register(EventBus.java:72) ~[EventBus.class:?]
	at darkknight.jewelrycraft.JewelrycraftMod.preInit(JewelrycraftMod.java:112) ~[JewelrycraftMod.class:?]
	at sun.reflect.NativeMethodAccessorImpl.invoke0(Native Method) ~[?:1.7.0_65]
	at sun.reflect.NativeMethodAccessorImpl.invoke(Unknown Source) ~[?:1.7.0_65]
	at sun.reflect.DelegatingMethodAccessorImpl.invoke(Unknown Source) ~[?:1.7.0_65]
	at java.lang.reflect.Method.invoke(Unknown Source) ~[?:1.7.0_65]
	at cpw.mods.fml.common.FMLModContainer.handleModStateEvent(FMLModContainer.java:513) ~[FMLModContainer.class:?]
	at sun.reflect.NativeMethodAccessorImpl.invoke0(Native Method) ~[?:1.7.0_65]
	at sun.reflect.NativeMethodAccessorImpl.invoke(Unknown Source) ~[?:1.7.0_65]
	at sun.reflect.DelegatingMethodAccessorImpl.invoke(Unknown Source) ~[?:1.7.0_65]
	at java.lang.reflect.Method.invoke(Unknown Source) ~[?:1.7.0_65]
	at com.google.common.eventbus.EventSubscriber.handleEvent(EventSubscriber.java:74) ~[guava-17.0.jar:?]
	at com.google.common.eventbus.SynchronizedEventSubscriber.handleEvent(SynchronizedEventSubscriber.java:47) ~[guava-17.0.jar:?]
	at com.google.common.eventbus.EventBus.dispatch(EventBus.java:322) ~[guava-17.0.jar:?]
	at com.google.common.eventbus.EventBus.dispatchQueuedEvents(EventBus.java:304) ~[guava-17.0.jar:?]
	at com.google.common.eventbus.EventBus.post(EventBus.java:275) ~[guava-17.0.jar:?]
	at cpw.mods.fml.common.LoadController.sendEventToModContainer(LoadController.java:208) ~[LoadController.class:?]
	at cpw.mods.fml.common.LoadController.propogateStateMessage(LoadController.java:187) ~[LoadController.class:?]
	at sun.reflect.NativeMethodAccessorImpl.invoke0(Native Method) ~[?:1.7.0_65]
	at sun.reflect.NativeMethodAccessorImpl.invoke(Unknown Source) ~[?:1.7.0_65]
	at sun.reflect.DelegatingMethodAccessorImpl.invoke(Unknown Source) ~[?:1.7.0_65]
	at java.lang.reflect.Method.invoke(Unknown Source) ~[?:1.7.0_65]
	at com.google.common.eventbus.EventSubscriber.handleEvent(EventSubscriber.java:74) ~[guava-17.0.jar:?]
	at com.google.common.eventbus.SynchronizedEventSubscriber.handleEvent(SynchronizedEventSubscriber.java:47) ~[guava-17.0.jar:?]
	at com.google.common.eventbus.EventBus.dispatch(EventBus.java:322) ~[guava-17.0.jar:?]
	at com.google.common.eventbus.EventBus.dispatchQueuedEvents(EventBus.java:304) ~[guava-17.0.jar:?]
	at com.google.common.eventbus.EventBus.post(EventBus.java:275) ~[guava-17.0.jar:?]
	at cpw.mods.fml.common.LoadController.distributeStateMessage(LoadController.java:118) ~[LoadController.class:?]
	at cpw.mods.fml.common.Loader.preinitializeMods(Loader.java:513) ~[Loader.class:?]
	... 5 more
Caused by: java.lang.RuntimeException: Attempted to load class net/minecraft/client/renderer/EntityRenderer for invalid side SERVER
	at cpw.mods.fml.common.asm.transformers.SideTransformer.transform(SideTransformer.java:50) ~[forgeSrc-1.7.10-10.13.0.1208.jar:?]
	at net.minecraft.launchwrapper.LaunchClassLoader.runTransformers(LaunchClassLoader.java:276) ~[launchwrapper-1.9.jar:?]
	at net.minecraft.launchwrapper.LaunchClassLoader.findClass(LaunchClassLoader.java:174) ~[launchwrapper-1.9.jar:?]
	at java.lang.ClassLoader.loadClass(Unknown Source) ~[?:1.7.0_65]
	at java.lang.ClassLoader.loadClass(Unknown Source) ~[?:1.7.0_65]
	at java.lang.Class.getDeclaredConstructors0(Native Method) ~[?:1.7.0_65]
	at java.lang.Class.privateGetDeclaredConstructors(Unknown Source) ~[?:1.7.0_65]
	at java.lang.Class.getConstructor0(Unknown Source) ~[?:1.7.0_65]
	at java.lang.Class.getConstructor(Unknown Source) ~[?:1.7.0_65]
	at cpw.mods.fml.common.eventhandler.EventBus.register(EventBus.java:88) ~[EventBus.class:?]
	at cpw.mods.fml.common.eventhandler.EventBus.register(EventBus.java:72) ~[EventBus.class:?]
	at darkknight.jewelrycraft.JewelrycraftMod.preInit(JewelrycraftMod.java:112) ~[JewelrycraftMod.class:?]
	at sun.reflect.NativeMethodAccessorImpl.invoke0(Native Method) ~[?:1.7.0_65]
	at sun.reflect.NativeMethodAccessorImpl.invoke(Unknown Source) ~[?:1.7.0_65]
	at sun.reflect.DelegatingMethodAccessorImpl.invoke(Unknown Source) ~[?:1.7.0_65]
	at java.lang.reflect.Method.invoke(Unknown Source) ~[?:1.7.0_65]
	at cpw.mods.fml.common.FMLModContainer.handleModStateEvent(FMLModContainer.java:513) ~[FMLModContainer.class:?]
	at sun.reflect.NativeMethodAccessorImpl.invoke0(Native Method) ~[?:1.7.0_65]
	at sun.reflect.NativeMethodAccessorImpl.invoke(Unknown Source) ~[?:1.7.0_65]
	at sun.reflect.DelegatingMethodAccessorImpl.invoke(Unknown Source) ~[?:1.7.0_65]
	at java.lang.reflect.Method.invoke(Unknown Source) ~[?:1.7.0_65]
	at com.google.common.eventbus.EventSubscriber.handleEvent(EventSubscriber.java:74) ~[guava-17.0.jar:?]
	at com.google.common.eventbus.SynchronizedEventSubscriber.handleEvent(SynchronizedEventSubscriber.java:47) ~[guava-17.0.jar:?]
	at com.google.common.eventbus.EventBus.dispatch(EventBus.java:322) ~[guava-17.0.jar:?]
	at com.google.common.eventbus.EventBus.dispatchQueuedEvents(EventBus.java:304) ~[guava-17.0.jar:?]
	at com.google.common.eventbus.EventBus.post(EventBus.java:275) ~[guava-17.0.jar:?]
	at cpw.mods.fml.common.LoadController.sendEventToModContainer(LoadController.java:208) ~[LoadController.class:?]
	at cpw.mods.fml.common.LoadController.propogateStateMessage(LoadController.java:187) ~[LoadController.class:?]
	at sun.reflect.NativeMethodAccessorImpl.invoke0(Native Method) ~[?:1.7.0_65]
	at sun.reflect.NativeMethodAccessorImpl.invoke(Unknown Source) ~[?:1.7.0_65]
	at sun.reflect.DelegatingMethodAccessorImpl.invoke(Unknown Source) ~[?:1.7.0_65]
	at java.lang.reflect.Method.invoke(Unknown Source) ~[?:1.7.0_65]
	at com.google.common.eventbus.EventSubscriber.handleEvent(EventSubscriber.java:74) ~[guava-17.0.jar:?]
	at com.google.common.eventbus.SynchronizedEventSubscriber.handleEvent(SynchronizedEventSubscriber.java:47) ~[guava-17.0.jar:?]
	at com.google.common.eventbus.EventBus.dispatch(EventBus.java:322) ~[guava-17.0.jar:?]
	at com.google.common.eventbus.EventBus.dispatchQueuedEvents(EventBus.java:304) ~[guava-17.0.jar:?]
	at com.google.common.eventbus.EventBus.post(EventBus.java:275) ~[guava-17.0.jar:?]
	at cpw.mods.fml.common.LoadController.distributeStateMessage(LoadController.java:118) ~[LoadController.class:?]
	at cpw.mods.fml.common.Loader.preinitializeMods(Loader.java:513) ~[Loader.class:?]
	... 5 more
[19:30:20] [Server thread/ERROR]: This crash report has been saved to: H:\Jewelrycraft\1.7.10\eclipse\.\crash-reports\crash-2014-09-26_19.30.20-server.txt
