[17:40:55] [main/INFO]: Logging in with username & password
[17:41:02] [main/INFO]: Setting user: OnyxDarkKnight
[17:41:04] [Client thread/INFO]: LWJGL Version: 2.9.1
[17:41:06] [Twitch authenticator/ERROR]: Given twitch access token is invalid
[17:41:10] [Client thread/INFO]: Reloading ResourceManager: Default, FMLFileResourcePack:Forge Mod Loader, FMLFileResourcePack:Minecraft Forge, FMLFileResourcePack:Jewelrycraft
[17:41:12] [Sound Library Loader/INFO]: Sound engine started
[17:41:14] [Client thread/INFO]: Created: 512x256 textures/blocks-atlas
[17:41:15] [Client thread/INFO]: Created: 256x256 textures/items-atlas
[17:41:15] [Client thread/INFO]: Reloading ResourceManager: Default, FMLFileResourcePack:Forge Mod Loader, FMLFileResourcePack:Minecraft Forge, FMLFileResourcePack:Jewelrycraft
[17:41:15] [Client thread/INFO]: Created: 256x256 textures/items-atlas
[17:41:15] [Client thread/INFO]: Created: 512x256 textures/blocks-atlas
[17:41:16] [Sound Library Loader/INFO]: Sound engine started
[17:41:19] [Server thread/INFO]: Starting integrated minecraft server version 1.7.10
[17:41:19] [Server thread/INFO]: Generating keypair
[17:41:20] [Server thread/INFO]: Preparing start region for level 0
[17:41:21] [Server thread/INFO]: Preparing spawn area: 56%
[17:41:22] [Server thread/INFO]: Changing view distance to 6, from 10
[17:41:22] [Server thread/INFO]: OnyxDarkKnight[local:E:02c04b8b] logged in with entity id 192 at (-221.5, 64.0, -740.5)
[17:41:22] [Server thread/INFO]: OnyxDarkKnight joined the game
[17:41:46] [Server thread/INFO]: OnyxDarkKnight fell out of the world
[17:41:46] [Client thread/INFO]: [CHAT] OnyxDarkKnight fell out of the world
[17:41:46] [Client thread/INFO]: [CHAT] Ouch! That looked like it hurt
[17:41:53] [Server thread/INFO]: OnyxDarkKnight fell out of the world
[17:41:53] [Client thread/INFO]: [CHAT] OnyxDarkKnight fell out of the world
[17:41:53] [Client thread/INFO]: [CHAT] Ouch! That looked like it hurt
[17:45:49] [Server thread/INFO]: Saving and pausing game...
[17:45:49] [Server thread/INFO]: Saving chunks for level 'Test 2'/Overworld
[17:45:50] [Server thread/INFO]: Saving chunks for level 'Test 2'/Nether
[17:45:50] [Server thread/INFO]: Saving chunks for level 'Test 2'/The End
[17:45:50] [Server thread/INFO]: Stopping server
[17:45:50] [Server thread/INFO]: Saving players
[17:45:50] [Server thread/INFO]: Saving worlds
[17:45:50] [Server thread/INFO]: Saving chunks for level 'Test 2'/Overworld
[17:45:50] [Server thread/INFO]: Saving chunks for level 'Test 2'/Nether
[17:45:50] [Server thread/INFO]: Saving chunks for level 'Test 2'/The End
[17:47:28] [Server thread/INFO]: Starting integrated minecraft server version 1.7.10
[17:47:28] [Server thread/INFO]: Generating keypair
[17:47:29] [Server thread/INFO]: Preparing start region for level 0
[17:47:29] [Server thread/INFO]: Changing view distance to 6, from 10
[17:47:30] [Server thread/INFO]: OnyxDarkKnight[local:E:dfddd8ea] logged in with entity id 23427 at (-216.65866646656332, 64.5, -732.3000000119209)
[17:47:30] [Server thread/INFO]: OnyxDarkKnight joined the game
[17:47:30] [Server thread/INFO]: Saving and pausing game...
[17:47:30] [Server thread/INFO]: Saving chunks for level 'Test 2'/Overworld
[17:47:31] [Server thread/INFO]: Saving chunks for level 'Test 2'/Nether
[17:47:31] [Server thread/INFO]: Saving chunks for level 'Test 2'/The End
[17:47:42] [Server thread/INFO]: OnyxDarkKnight fell out of the world
[17:47:42] [Client thread/INFO]: [CHAT] OnyxDarkKnight fell out of the world
[17:47:42] [Client thread/INFO]: [CHAT] Ouch! That looked like it hurt
[17:48:32] [Server thread/INFO]: OnyxDarkKnight fell out of the world
[17:48:32] [Client thread/INFO]: [CHAT] OnyxDarkKnight fell out of the world
[17:48:32] [Client thread/INFO]: [CHAT] Ouch! That looked like it hurt
[17:48:36] [Server thread/INFO]: Saving and pausing game...
[17:48:36] [Server thread/INFO]: Saving chunks for level 'Test 2'/Overworld
[17:48:36] [Server thread/INFO]: Saving chunks for level 'Test 2'/Nether
[17:48:36] [Server thread/INFO]: Saving chunks for level 'Test 2'/The End
[17:49:15] [Server thread/INFO]: OnyxDarkKnight fell out of the world
[17:49:15] [Client thread/INFO]: [CHAT] OnyxDarkKnight fell out of the world
[17:49:15] [Client thread/INFO]: [CHAT] Ouch! That looked like it hurt
[17:49:20] [Server thread/INFO]: OnyxDarkKnight fell out of the world
[17:49:20] [Client thread/INFO]: [CHAT] OnyxDarkKnight fell out of the world
[17:49:20] [Client thread/INFO]: [CHAT] Ouch! That looked like it hurt
[17:49:22] [Server thread/INFO]: OnyxDarkKnight fell out of the world
[17:49:22] [Client thread/INFO]: [CHAT] OnyxDarkKnight fell out of the world
[17:49:22] [Client thread/INFO]: [CHAT] Ouch! That looked like it hurt
[17:49:24] [Server thread/INFO]: OnyxDarkKnight fell out of the world
[17:49:24] [Client thread/INFO]: [CHAT] OnyxDarkKnight fell out of the world
[17:49:24] [Client thread/INFO]: [CHAT] Ouch! That looked like it hurt
[17:49:27] [Server thread/INFO]: OnyxDarkKnight fell out of the world
[17:49:27] [Client thread/INFO]: [CHAT] OnyxDarkKnight fell out of the world
[17:49:27] [Client thread/INFO]: [CHAT] Ouch! That looked like it hurt
[17:49:41] [Server thread/INFO]: OnyxDarkKnight fell out of the world
[17:49:41] [Client thread/INFO]: [CHAT] OnyxDarkKnight fell out of the world
[17:49:41] [Client thread/INFO]: [CHAT] Ouch! That looked like it hurt
[17:49:44] [Server thread/INFO]: Saving and pausing game...
[17:49:44] [Server thread/INFO]: Saving chunks for level 'Test 2'/Overworld
[17:49:44] [Server thread/INFO]: Saving chunks for level 'Test 2'/Nether
[17:49:44] [Server thread/INFO]: Saving chunks for level 'Test 2'/The End
[17:50:09] [Server thread/INFO]: OnyxDarkKnight fell out of the world
[17:50:09] [Client thread/INFO]: [CHAT] OnyxDarkKnight fell out of the world
[17:50:09] [Client thread/INFO]: [CHAT] Ouch! That looked like it hurt
[17:50:21] [Server thread/INFO]: OnyxDarkKnight fell out of the world
[17:50:21] [Client thread/INFO]: [CHAT] OnyxDarkKnight fell out of the world
[17:50:21] [Client thread/INFO]: [CHAT] Ouch! That looked like it hurt
[17:50:32] [Server thread/INFO]: OnyxDarkKnight fell out of the world
[17:50:32] [Client thread/INFO]: [CHAT] OnyxDarkKnight fell out of the world
[17:50:32] [Client thread/INFO]: [CHAT] Ouch! That looked like it hurt
[17:50:35] [Server thread/INFO]: Saving and pausing game...
[17:50:35] [Server thread/INFO]: Saving chunks for level 'Test 2'/Overworld
[17:50:35] [Server thread/INFO]: Saving chunks for level 'Test 2'/Nether
[17:50:35] [Server thread/INFO]: Saving chunks for level 'Test 2'/The End
[17:50:48] [Server thread/INFO]: OnyxDarkKnight fell out of the world
[17:50:48] [Client thread/INFO]: [CHAT] OnyxDarkKnight fell out of the world
[17:50:48] [Client thread/INFO]: [CHAT] Ouch! That looked like it hurt
[17:50:50] [Server thread/INFO]: OnyxDarkKnight fell out of the world
[17:50:50] [Client thread/INFO]: [CHAT] OnyxDarkKnight fell out of the world
[17:50:50] [Client thread/INFO]: [CHAT] Ouch! That looked like it hurt
[17:50:52] [Server thread/INFO]: OnyxDarkKnight fell out of the world
[17:50:52] [Client thread/INFO]: [CHAT] OnyxDarkKnight fell out of the world
[17:50:52] [Client thread/INFO]: [CHAT] Ouch! That looked like it hurt
[17:50:55] [Server thread/INFO]: OnyxDarkKnight fell out of the world
[17:50:55] [Client thread/INFO]: [CHAT] OnyxDarkKnight fell out of the world
[17:50:55] [Client thread/INFO]: [CHAT] Ouch! That looked like it hurt
[17:50:57] [Server thread/INFO]: OnyxDarkKnight fell out of the world
[17:50:57] [Client thread/INFO]: [CHAT] OnyxDarkKnight fell out of the world
[17:50:57] [Client thread/INFO]: [CHAT] Ouch! That looked like it hurt
[17:50:59] [Server thread/INFO]: OnyxDarkKnight fell out of the world
[17:50:59] [Client thread/INFO]: [CHAT] OnyxDarkKnight fell out of the world
[17:50:59] [Client thread/INFO]: [CHAT] Ouch! That looked like it hurt
[17:51:01] [Server thread/INFO]: OnyxDarkKnight fell out of the world
[17:51:01] [Client thread/INFO]: [CHAT] OnyxDarkKnight fell out of the world
[17:51:01] [Client thread/INFO]: [CHAT] Ouch! That looked like it hurt
[17:51:03] [Server thread/INFO]: OnyxDarkKnight fell out of the world
[17:51:03] [Client thread/INFO]: [CHAT] OnyxDarkKnight fell out of the world
[17:51:03] [Client thread/INFO]: [CHAT] Ouch! That looked like it hurt
[17:51:06] [Server thread/INFO]: OnyxDarkKnight fell out of the world
[17:51:06] [Client thread/INFO]: [CHAT] OnyxDarkKnight fell out of the world
[17:51:06] [Client thread/INFO]: [CHAT] Ouch! That looked like it hurt
[17:51:08] [Client thread/INFO]: [CHAT] Unknown command. Try /help for a list of commands
[17:51:10] [Client thread/INFO]: [CHAT] Unknown command. Try /help for a list of commands
[17:51:12] [Server thread/INFO]: OnyxDarkKnight fell out of the world
[17:51:12] [Client thread/INFO]: [CHAT] OnyxDarkKnight fell out of the world
[17:51:12] [Client thread/INFO]: [CHAT] Ouch! That looked like it hurt
[17:51:14] [Server thread/INFO]: OnyxDarkKnight fell out of the world
[17:51:14] [Client thread/INFO]: [CHAT] OnyxDarkKnight fell out of the world
[17:51:14] [Client thread/INFO]: [CHAT] Ouch! That looked like it hurt
[17:51:17] [Server thread/INFO]: OnyxDarkKnight fell out of the world
[17:51:17] [Client thread/INFO]: [CHAT] OnyxDarkKnight fell out of the world
[17:51:17] [Client thread/INFO]: [CHAT] Ouch! That looked like it hurt
[17:51:20] [Server thread/INFO]: OnyxDarkKnight fell out of the world
[17:51:20] [Client thread/INFO]: [CHAT] OnyxDarkKnight fell out of the world
[17:51:20] [Client thread/INFO]: [CHAT] Ouch! That looked like it hurt
[17:51:22] [Server thread/INFO]: OnyxDarkKnight fell out of the world
[17:51:22] [Client thread/INFO]: [CHAT] OnyxDarkKnight fell out of the world
[17:51:22] [Client thread/INFO]: [CHAT] Ouch! That looked like it hurt
[17:51:31] [Client thread/INFO]: [CHAT] addCursePoints, getCursePoints, setCursePoints, addModifier, addCurse
[17:51:31] [Client thread/INFO]: [CHAT] addCursePoints, getCursePoints, setCursePoints, addModifier, addCurse
[17:51:32] [Client thread/INFO]: [CHAT] addCursePoints, getCursePoints, setCursePoints, addModifier, addCurse
[17:51:32] [Client thread/INFO]: [CHAT] addCursePoints, getCursePoints, setCursePoints, addModifier, addCurse
[17:51:33] [Client thread/INFO]: [CHAT] addCursePoints, getCursePoints, setCursePoints, addModifier, addCurse
[17:51:40] [Server thread/INFO]: OnyxDarkKnight fell out of the world
[17:51:40] [Client thread/INFO]: [CHAT] OnyxDarkKnight fell out of the world
[17:51:40] [Client thread/INFO]: [CHAT] Ouch! That looked like it hurt
[17:51:48] [Server thread/INFO]: OnyxDarkKnight fell out of the world
[17:51:48] [Client thread/INFO]: [CHAT] OnyxDarkKnight fell out of the world
[17:51:48] [Client thread/INFO]: [CHAT] Ouch! That looked like it hurt
[17:51:50] [Server thread/INFO]: Saving and pausing game...
[17:51:51] [Server thread/INFO]: Saving chunks for level 'Test 2'/Overworld
[17:51:51] [Server thread/INFO]: Saving chunks for level 'Test 2'/Nether
[17:51:51] [Server thread/INFO]: Saving chunks for level 'Test 2'/The End
[17:52:05] [Server thread/INFO]: OnyxDarkKnight fell out of the world
[17:52:05] [Client thread/INFO]: [CHAT] OnyxDarkKnight fell out of the world
[17:52:05] [Client thread/INFO]: [CHAT] Ouch! That looked like it hurt
[17:52:15] [Server thread/INFO]: Saving and pausing game...
[17:52:15] [Server thread/INFO]: Saving chunks for level 'Test 2'/Overworld
[17:52:15] [Server thread/INFO]: Saving chunks for level 'Test 2'/Nether
[17:52:16] [Server thread/INFO]: Saving chunks for level 'Test 2'/The End
[17:52:44] [Server thread/INFO]: OnyxDarkKnight fell out of the world
[17:52:44] [Client thread/INFO]: [CHAT] OnyxDarkKnight fell out of the world
[17:52:44] [Client thread/INFO]: [CHAT] Ouch! That looked like it hurt
[17:53:28] [Server thread/INFO]: OnyxDarkKnight fell out of the world
[17:53:28] [Client thread/INFO]: [CHAT] OnyxDarkKnight fell out of the world
[17:53:28] [Client thread/INFO]: [CHAT] Ouch! That looked like it hurt
[17:53:40] [Server thread/INFO]: OnyxDarkKnight fell out of the world
[17:53:41] [Client thread/INFO]: [CHAT] OnyxDarkKnight fell out of the world
[17:53:41] [Client thread/INFO]: [CHAT] Ouch! That looked like it hurt
[17:53:45] [Server thread/INFO]: OnyxDarkKnight fell out of the world
[17:53:45] [Client thread/INFO]: [CHAT] OnyxDarkKnight fell out of the world
[17:53:45] [Client thread/INFO]: [CHAT] Ouch! That looked like it hurt
[17:53:47] [Server thread/INFO]: OnyxDarkKnight fell out of the world
[17:53:47] [Client thread/INFO]: [CHAT] OnyxDarkKnight fell out of the world
[17:53:47] [Client thread/INFO]: [CHAT] Ouch! That looked like it hurt
[17:53:50] [Server thread/INFO]: OnyxDarkKnight fell out of the world
[17:53:50] [Client thread/INFO]: [CHAT] OnyxDarkKnight fell out of the world
[17:53:50] [Client thread/INFO]: [CHAT] Ouch! That looked like it hurt
[17:53:55] [Server thread/INFO]: Saving and pausing game...
[17:53:55] [Server thread/INFO]: Saving chunks for level 'Test 2'/Overworld
[17:53:56] [Server thread/INFO]: Saving chunks for level 'Test 2'/Nether
[17:53:56] [Server thread/INFO]: Saving chunks for level 'Test 2'/The End
[17:55:56] [Server thread/INFO]: OnyxDarkKnight fell out of the world
[17:55:56] [Client thread/INFO]: [CHAT] OnyxDarkKnight fell out of the world
[17:55:56] [Client thread/INFO]: [CHAT] Ouch! That looked like it hurt
[17:55:59] [Server thread/INFO]: OnyxDarkKnight fell out of the world
[17:55:59] [Client thread/INFO]: [CHAT] OnyxDarkKnight fell out of the world
[17:55:59] [Client thread/INFO]: [CHAT] Ouch! That looked like it hurt
[17:56:01] [Server thread/INFO]: OnyxDarkKnight fell out of the world
[17:56:01] [Client thread/INFO]: [CHAT] OnyxDarkKnight fell out of the world
[17:56:01] [Client thread/INFO]: [CHAT] Ouch! That looked like it hurt
[17:56:03] [Server thread/INFO]: OnyxDarkKnight fell out of the world
[17:56:03] [Client thread/INFO]: [CHAT] OnyxDarkKnight fell out of the world
[17:56:03] [Client thread/INFO]: [CHAT] Ouch! That looked like it hurt
[17:56:05] [Server thread/INFO]: OnyxDarkKnight fell out of the world
[17:56:05] [Client thread/INFO]: [CHAT] OnyxDarkKnight fell out of the world
[17:56:05] [Client thread/INFO]: [CHAT] Ouch! That looked like it hurt
[17:56:07] [Server thread/INFO]: OnyxDarkKnight fell out of the world
[17:56:07] [Client thread/INFO]: [CHAT] OnyxDarkKnight fell out of the world
[17:56:07] [Client thread/INFO]: [CHAT] Ouch! That looked like it hurt
[17:56:10] [Server thread/INFO]: OnyxDarkKnight fell out of the world
[17:56:10] [Client thread/INFO]: [CHAT] OnyxDarkKnight fell out of the world
[17:56:10] [Client thread/INFO]: [CHAT] Ouch! That looked like it hurt
[17:56:12] [Server thread/INFO]: OnyxDarkKnight fell out of the world
[17:56:12] [Client thread/INFO]: [CHAT] OnyxDarkKnight fell out of the world
[17:56:12] [Client thread/INFO]: [CHAT] Ouch! That looked like it hurt
[17:56:14] [Server thread/INFO]: OnyxDarkKnight fell out of the world
[17:56:14] [Client thread/INFO]: [CHAT] OnyxDarkKnight fell out of the world
[17:56:14] [Client thread/INFO]: [CHAT] Ouch! That looked like it hurt
[17:56:16] [Server thread/INFO]: OnyxDarkKnight fell out of the world
[17:56:16] [Client thread/INFO]: [CHAT] OnyxDarkKnight fell out of the world
[17:56:16] [Client thread/INFO]: [CHAT] Ouch! That looked like it hurt
[17:56:19] [Server thread/INFO]: OnyxDarkKnight fell out of the world
[17:56:19] [Client thread/INFO]: [CHAT] OnyxDarkKnight fell out of the world
[17:56:19] [Client thread/INFO]: [CHAT] Ouch! That looked like it hurt
[17:56:21] [Server thread/INFO]: OnyxDarkKnight fell out of the world
[17:56:21] [Client thread/INFO]: [CHAT] OnyxDarkKnight fell out of the world
[17:56:21] [Client thread/INFO]: [CHAT] Ouch! That looked like it hurt
[17:56:35] [Server thread/INFO]: OnyxDarkKnight fell out of the world
[17:56:35] [Client thread/INFO]: [CHAT] OnyxDarkKnight fell out of the world
[17:56:35] [Client thread/INFO]: [CHAT] Ouch! That looked like it hurt
[17:56:47] [Server thread/INFO]: OnyxDarkKnight fell out of the world
[17:56:47] [Client thread/INFO]: [CHAT] OnyxDarkKnight fell out of the world
[17:56:47] [Client thread/INFO]: [CHAT] Ouch! That looked like it hurt
[17:56:51] [Server thread/INFO]: Saving and pausing game...
[17:56:51] [Server thread/INFO]: Saving chunks for level 'Test 2'/Overworld
[17:56:52] [Server thread/INFO]: Saving chunks for level 'Test 2'/Nether
[17:56:52] [Server thread/INFO]: Saving chunks for level 'Test 2'/The End
[17:59:28] [Server thread/INFO]: Saving and pausing game...
[17:59:28] [Server thread/INFO]: Saving chunks for level 'Test 2'/Overworld
[17:59:28] [Server thread/INFO]: Saving chunks for level 'Test 2'/Nether
[17:59:28] [Server thread/INFO]: Saving chunks for level 'Test 2'/The End
[17:59:28] [Server thread/INFO]: Stopping server
[17:59:28] [Server thread/INFO]: Saving players
[17:59:28] [Server thread/INFO]: Saving worlds
[17:59:28] [Server thread/INFO]: Saving chunks for level 'Test 2'/Overworld
[17:59:29] [Server thread/INFO]: Saving chunks for level 'Test 2'/Nether
[17:59:29] [Server thread/INFO]: Saving chunks for level 'Test 2'/The End
[17:59:31] [Server thread/INFO]: Starting integrated minecraft server version 1.7.10
[17:59:31] [Server thread/INFO]: Generating keypair
[17:59:32] [Server thread/INFO]: Preparing start region for level 0
[17:59:32] [Server thread/INFO]: Changing view distance to 6, from 10
[17:59:33] [Server thread/INFO]: OnyxDarkKnight[local:E:676f8d5a] logged in with entity id 64184 at (-221.5, 64.0, -740.5)
[17:59:33] [Server thread/INFO]: OnyxDarkKnight joined the game
[18:00:00] [Server thread/INFO]: OnyxDarkKnight fell out of the world
[18:00:00] [Client thread/INFO]: [CHAT] OnyxDarkKnight fell out of the world
[18:00:00] [Client thread/INFO]: [CHAT] Ouch! That looked like it hurt
[18:00:04] [Server thread/INFO]: OnyxDarkKnight fell out of the world
[18:00:04] [Client thread/INFO]: [CHAT] OnyxDarkKnight fell out of the world
[18:00:04] [Client thread/INFO]: [CHAT] Ouch! That looked like it hurt
[18:00:07] [Server thread/INFO]: Saving and pausing game...
[18:00:07] [Server thread/INFO]: Saving chunks for level 'Test 2'/Overworld
[18:00:08] [Server thread/INFO]: Saving chunks for level 'Test 2'/Nether
[18:00:08] [Server thread/INFO]: Saving chunks for level 'Test 2'/The End
[18:02:11] [Server thread/INFO]: OnyxDarkKnight fell out of the world
[18:02:11] [Client thread/INFO]: [CHAT] OnyxDarkKnight fell out of the world
[18:02:11] [Client thread/INFO]: [CHAT] Ouch! That looked like it hurt
[18:02:25] [Client thread/INFO]: [CHAT] addCursePoints, addCurse
[18:02:28] [Server thread/ERROR]: Couldn't process command: 'jw addCursePoints 100000'
java.lang.ArrayIndexOutOfBoundsException: 2
	at darkknight.jewelrycraft.commands.JewelrycraftCommands.processCommand(JewelrycraftCommands.java:76) ~[JewelrycraftCommands.class:?]
	at net.minecraft.command.CommandHandler.executeCommand(CommandHandler.java:96) [CommandHandler.class:?]
	at net.minecraft.network.NetHandlerPlayServer.handleSlashCommand(NetHandlerPlayServer.java:783) [NetHandlerPlayServer.class:?]
	at net.minecraft.network.NetHandlerPlayServer.processChatMessage(NetHandlerPlayServer.java:759) [NetHandlerPlayServer.class:?]
	at net.minecraft.network.play.client.C01PacketChatMessage.processPacket(C01PacketChatMessage.java:47) [C01PacketChatMessage.class:?]
	at net.minecraft.network.play.client.C01PacketChatMessage.processPacket(C01PacketChatMessage.java:68) [C01PacketChatMessage.class:?]
	at net.minecraft.network.NetworkManager.processReceivedPackets(NetworkManager.java:241) [NetworkManager.class:?]
	at net.minecraft.network.NetworkSystem.networkTick(NetworkSystem.java:182) [NetworkSystem.class:?]
	at net.minecraft.server.MinecraftServer.updateTimeLightAndEntities(MinecraftServer.java:726) [MinecraftServer.class:?]
	at net.minecraft.server.MinecraftServer.tick(MinecraftServer.java:614) [MinecraftServer.class:?]
	at net.minecraft.server.integrated.IntegratedServer.tick(IntegratedServer.java:118) [IntegratedServer.class:?]
	at net.minecraft.server.MinecraftServer.run(MinecraftServer.java:485) [MinecraftServer.class:?]
	at net.minecraft.server.MinecraftServer$2.run(MinecraftServer.java:752) [MinecraftServer$2.class:?]
[18:02:28] [Client thread/INFO]: [CHAT] An unknown error occurred while attempting to perform this command
[18:02:43] [Server thread/INFO]: Saving and pausing game...
[18:02:43] [Server thread/INFO]: Saving chunks for level 'Test 2'/Overworld
[18:02:43] [Server thread/INFO]: Saving chunks for level 'Test 2'/Nether
[18:02:43] [Server thread/INFO]: Saving chunks for level 'Test 2'/The End
[18:02:54] [Server thread/INFO]: Saving and pausing game...
[18:02:54] [Server thread/INFO]: Saving chunks for level 'Test 2'/Overworld
[18:02:55] [Server thread/INFO]: Saving chunks for level 'Test 2'/Nether
[18:02:55] [Server thread/INFO]: Saving chunks for level 'Test 2'/The End
[18:03:32] [Server thread/INFO]: OnyxDarkKnight fell out of the world
[18:03:32] [Client thread/INFO]: [CHAT] OnyxDarkKnight fell out of the world
[18:03:32] [Client thread/INFO]: [CHAT] Ouch! That looked like it hurt
[18:03:36] [Server thread/INFO]: OnyxDarkKnight fell out of the world
[18:03:36] [Client thread/INFO]: [CHAT] OnyxDarkKnight fell out of the world
[18:03:36] [Client thread/INFO]: [CHAT] Ouch! That looked like it hurt
[18:03:39] [Server thread/INFO]: OnyxDarkKnight fell out of the world
[18:03:39] [Client thread/INFO]: [CHAT] OnyxDarkKnight fell out of the world
[18:03:39] [Client thread/INFO]: [CHAT] Ouch! That looked like it hurt
[18:03:51] [Server thread/INFO]: Saving and pausing game...
[18:03:51] [Server thread/INFO]: Saving chunks for level 'Test 2'/Overworld
[18:03:51] [Server thread/INFO]: Saving chunks for level 'Test 2'/Nether
[18:03:51] [Server thread/INFO]: Saving chunks for level 'Test 2'/The End
[18:06:56] [Server thread/INFO]: Saving and pausing game...
[18:06:56] [Server thread/INFO]: Saving chunks for level 'Test 2'/Overworld
[18:06:57] [Server thread/INFO]: Saving chunks for level 'Test 2'/Nether
[18:06:58] [Server thread/INFO]: Saving chunks for level 'Test 2'/The End
[18:06:58] [Server thread/INFO]: Stopping server
[18:06:58] [Server thread/INFO]: Saving players
[18:06:58] [Server thread/INFO]: Saving worlds
[18:06:58] [Server thread/INFO]: Saving chunks for level 'Test 2'/Overworld
[18:06:59] [Server thread/INFO]: Saving chunks for level 'Test 2'/Nether
[18:06:59] [Server thread/INFO]: Saving chunks for level 'Test 2'/The End
username they choose.
[18:06:21] [Server thread/WARN]: To change this, set "online-mode" to "true" in the server.properties file.
[18:06:24] [Server thread/INFO]: Preparing level "world"
[18:06:26] [Server thread/INFO]: Preparing start region for level 0
[18:06:27] [Server thread/INFO]: Preparing spawn area: 0%
[18:06:28] [Server thread/INFO]: Preparing spawn area: 9%
[18:06:30] [Server thread/INFO]: Preparing spawn area: 9%
[18:06:31] [Server thread/INFO]: Preparing spawn area: 11%
[18:06:32] [Server thread/INFO]: Preparing spawn area: 49%
[18:06:33] [Server thread/INFO]: Done (8.657s)! For help, type "help" or "?"
