[15:31:13] [main/INFO]: Setting user: jeb_
[15:31:15] [Client thread/INFO]: LWJGL Version: 2.9.1
[15:31:21] [Client thread/INFO]: Reloading ResourceManager: Default, FMLFileResourcePack:Forge Mod Loader, FMLFileResourcePack:Minecraft Forge, FMLFileResourcePack:Jewelrycraft
[15:31:23] [Sound Library Loader/INFO]: Sound engine started
[15:31:23] [Client thread/INFO]: Created: 512x256 textures/blocks-atlas
[15:31:23] [Client thread/INFO]: Created: 256x256 textures/items-atlas
[15:31:23] [Client thread/INFO]: Reloading ResourceManager: Default, FMLFileResourcePack:Forge Mod Loader, FMLFileResourcePack:Minecraft Forge, FMLFileResourcePack:Jewelrycraft
[15:31:24] [Client thread/INFO]: Created: 256x256 textures/items-atlas
[15:31:24] [Client thread/INFO]: Created: 512x256 textures/blocks-atlas
[15:31:25] [Sound Library Loader/INFO]: Sound engine started
[15:31:41] [Server thread/INFO]: Starting integrated minecraft server version 1.7.10
[15:31:41] [Server thread/INFO]: Generating keypair
[15:31:41] [Server thread/INFO]: Preparing start region for level 0
[15:31:42] [Server thread/INFO]: Preparing spawn area: 94%
[15:31:43] [Server thread/INFO]: Changing view distance to 6, from 10
[15:31:43] [Server thread/INFO]: jeb_[local:E:95a5a733] logged in with entity id 119 at (-218.69999998807907, 64.0, -731.6999999880791)
[15:31:43] [Server thread/INFO]: jeb_ joined the game
[15:32:28] [Client thread/INFO]: [CHAT] First take out the crafted jewel before inserting new stuff.
[15:33:00] [Server thread/INFO]: [jeb_: Set own game mode to Survival Mode]
[15:33:00] [Client thread/INFO]: [CHAT] Your game mode has been updated
[15:33:02] [Client thread/INFO]: [CHAT] You're missing a piece of jewelry.
[15:33:03] [Client thread/INFO]: [CHAT] You're missing a piece of jewelry.
[15:33:05] [Client thread/INFO]: [CHAT] You're missing a piece of jewelry.
[15:33:10] [Client thread/INFO]: [CHAT] You need a gem.
[15:34:04] [Client thread/INFO]: [CHAT] You're missing a piece of jewelry.
[15:35:33] [Client thread/INFO]: [CHAT] You're missing a piece of jewelry.
[15:35:36] [Client thread/INFO]: [CHAT] You're missing a piece of jewelry.
[15:35:44] [Client thread/INFO]: [CHAT] You're missing a piece of jewelry.
[15:38:18] [Client thread/INFO]: [CHAT] You need a gem.
[15:38:19] [Client thread/INFO]: [CHAT] You need a gem.
[15:39:59] [Client thread/INFO]: [CHAT] You're missing a piece of jewelry.
[15:40:00] [Client thread/INFO]: [CHAT] You're missing a piece of jewelry.
[15:40:00] [Client thread/INFO]: [CHAT] You need a gem.
[15:40:03] [Client thread/INFO]: [CHAT] You need a gem.
[15:40:04] [Client thread/INFO]: [CHAT] You need a gem.
[15:40:12] [Client thread/INFO]: [CHAT] You need a gem.
[15:40:31] [Client thread/INFO]: [CHAT] You need a gem.
[15:40:34] [Client thread/INFO]: [CHAT] You need a gem.
[15:40:34] [Client thread/INFO]: [CHAT] You need a gem.
[15:40:36] [Client thread/INFO]: [CHAT] You need a gem.
[15:40:36] [Client thread/INFO]: [CHAT] You need a gem.
[15:40:38] [Client thread/INFO]: [CHAT] You need a gem.
[15:40:41] [Client thread/INFO]: [CHAT] You need a gem.
[15:40:43] [Client thread/INFO]: [CHAT] You need a gem.
[15:40:46] [Client thread/INFO]: [CHAT] You need a gem.
[15:40:48] [Client thread/INFO]: [CHAT] You need a gem.
[15:40:58] [Client thread/INFO]: [CHAT] You need a gem.
[15:42:43] [Client thread/INFO]: [CHAT] You need a gem.
[15:43:19] [Client thread/INFO]: [CHAT] You need a gem.
[15:43:21] [Client thread/INFO]: [CHAT] You need a gem.
[15:43:21] [Client thread/INFO]: [CHAT] You need a gem.
[15:43:23] [Client thread/INFO]: [CHAT] You need a gem.
[15:43:23] [Client thread/INFO]: [CHAT] You need a gem.
[15:43:47] [Client thread/INFO]: [CHAT] You need a gem.
[15:43:48] [Client thread/INFO]: [CHAT] You need a gem.
[15:44:39] [Client thread/INFO]: [CHAT] You're missing a piece of jewelry.
[15:44:44] [Client thread/INFO]: [CHAT] You're missing a piece of jewelry.
[15:44:47] [Client thread/INFO]: [CHAT] You're missing a piece of jewelry.
[15:44:47] [Client thread/INFO]: [CHAT] You're missing a piece of jewelry.
[15:44:58] [Client thread/INFO]: [CHAT] You're missing a piece of jewelry.
[15:45:00] [Client thread/INFO]: [CHAT] You're missing a piece of jewelry.
[15:45:46] [Client thread/INFO]: [CHAT] First take out the crafted jewel before inserting new stuff.
[15:45:52] [Client thread/INFO]: [CHAT] You need a gem.
[15:46:40] [Client thread/INFO]: [CHAT] You need a gem.
[15:46:41] [Client thread/INFO]: [CHAT] You need a gem.
[15:46:42] [Client thread/INFO]: [CHAT] You need a gem.
[15:46:44] [Client thread/INFO]: [CHAT] You're missing a piece of jewelry.
[15:49:51] [Client thread/INFO]: [CHAT] You're missing a piece of jewelry.
[15:49:52] [Client thread/INFO]: [CHAT] You're missing a piece of jewelry.
[15:49:53] [Client thread/INFO]: [CHAT] You're missing a piece of jewelry.
[15:49:54] [Client thread/INFO]: [CHAT] You're missing a piece of jewelry.
[15:49:54] [Client thread/INFO]: [CHAT] You're missing a piece of jewelry.
[15:49:55] [Client thread/INFO]: [CHAT] You're missing a piece of jewelry.
[15:49:55] [Client thread/INFO]: [CHAT] You're missing a piece of jewelry.
[15:49:55] [Client thread/INFO]: [CHAT] You're missing a piece of jewelry.
[15:49:56] [Client thread/INFO]: [CHAT] The Iron Ring is being modified. (91%)
[15:49:56] [Client thread/INFO]: [CHAT] You're missing a piece of jewelry.
[15:49:56] [Client thread/INFO]: [CHAT] The Iron Ring is being modified. (94%)
[15:49:57] [Client thread/INFO]: [CHAT] You're missing a piece of jewelry.
[15:51:20] [Server thread/INFO]: Saving and pausing game...
[15:51:20] [Server thread/INFO]: Saving chunks for level 'Test 2'/Overworld
[15:51:20] [Server thread/INFO]: Saving chunks for level 'Test 2'/Nether
[15:51:21] [Server thread/INFO]: Saving chunks for level 'Test 2'/The End
[15:51:21] [Server thread/INFO]: Stopping server
[15:51:21] [Server thread/INFO]: Saving players
