[22:11:15] [main/INFO]: Logging in with username & password
[22:11:21] [main/INFO]: Setting user: OnyxDarkKnight
[22:11:23] [Client thread/INFO]: LWJGL Version: 2.9.1
[22:11:24] [Twitch authenticator/ERROR]: Given twitch access token is invalid
[22:11:29] [Client thread/INFO]: Reloading ResourceManager: Default, FMLFileResourcePack:Forge Mod Loader, FMLFileResourcePack:Minecraft Forge, FMLFileResourcePack:Jewelrycraft
[22:11:31] [Sound Library Loader/INFO]: Sound engine started
[22:11:33] [Client thread/INFO]: Created: 512x256 textures/blocks-atlas
[22:11:33] [Client thread/INFO]: Created: 256x256 textures/items-atlas
[22:11:33] [Client thread/INFO]: Reloading ResourceManager: Default, FMLFileResourcePack:Forge Mod Loader, FMLFileResourcePack:Minecraft Forge, FMLFileResourcePack:Jewelrycraft
[22:11:33] [Client thread/INFO]: Created: 256x256 textures/items-atlas
[22:11:34] [Client thread/INFO]: Created: 512x256 textures/blocks-atlas
[22:11:34] [Sound Library Loader/INFO]: Sound engine started
[22:11:38] [Server thread/INFO]: Starting integrated minecraft server version 1.7.10
[22:11:38] [Server thread/INFO]: Generating keypair
[22:11:38] [Server thread/INFO]: Preparing start region for level 0
[22:11:39] [Server thread/INFO]: Changing view distance to 6, from 10
[22:11:40] [Server thread/INFO]: OnyxDarkKnight[local:E:e23ff4f4] logged in with entity id 122 at (1063.307496984167, 4.0, -2113.897523900555)
[22:11:40] [Server thread/INFO]: OnyxDarkKnight joined the game
[22:11:47] [Client thread/INFO]: [CHAT] --- Showing help page 1 of 5 (/help <page>) ---
[22:11:47] [Client thread/INFO]: [CHAT] /achievement give <stat_name> [player]
[22:11:47] [Client thread/INFO]: [CHAT] /clear <player> [item] [data]
[22:11:47] [Client thread/INFO]: [CHAT] /debug <start|stop>
[22:11:47] [Client thread/INFO]: [CHAT] /defaultgamemode <mode>
[22:11:47] [Client thread/INFO]: [CHAT] /difficulty <new difficulty>
[22:11:47] [Client thread/INFO]: [CHAT] /effect <player> <effect> [seconds] [amplifier]
[22:11:47] [Client thread/INFO]: [CHAT] /enchant <player> <enchantment ID> [level]
[22:11:47] [Client thread/INFO]: [CHAT] Tip: Use the <tab> key while typing a command to auto-complete the command or its arguments
[22:11:53] [Client thread/INFO]: [CHAT] /seed, /setblock, /setworldspawn, /setBlockReachDistance
[22:11:54] [Client thread/INFO]: [CHAT] /seed, /setblock, /setworldspawn, /setBlockReachDistance
[22:11:54] [Client thread/INFO]: [CHAT] /seed, /setblock, /setworldspawn, /setBlockReachDistance
[22:11:55] [Client thread/INFO]: [CHAT] /seed, /setblock, /setworldspawn, /setBlockReachDistance
[22:12:12] [Server thread/INFO]: [OnyxDarkKnight: Set own game mode to Creative Mode]
[22:12:12] [Client thread/INFO]: [CHAT] Your game mode has been updated
[22:14:06] [Server thread/INFO]: Saving and pausing game...
[22:14:06] [Server thread/INFO]: Saving chunks for level 'Test2'/Overworld
[22:14:06] [Server thread/INFO]: Saving chunks for level 'Test2'/Nether
[22:14:06] [Server thread/INFO]: Saving chunks for level 'Test2'/The End
[22:15:37] [Client thread/INFO]: [CHAT] /setBlockReachDistance <distance>
[22:15:45] [Server thread/INFO]: Saving and pausing game...
[22:15:45] [Server thread/INFO]: Saving chunks for level 'Test2'/Overworld
[22:15:46] [Server thread/INFO]: Saving chunks for level 'Test2'/Nether
[22:15:46] [Server thread/INFO]: Saving chunks for level 'Test2'/The End
[22:17:23] [Server thread/INFO]: Saving and pausing game...
[22:17:23] [Server thread/INFO]: Saving chunks for level 'Test2'/Overworld
[22:17:23] [Server thread/INFO]: Saving chunks for level 'Test2'/Nether
[22:17:23] [Server thread/INFO]: Saving chunks for level 'Test2'/The End
[22:27:45] [Server thread/INFO]: Stopping server
[22:27:45] [Server thread/INFO]: Saving players
[22:27:45] [Server thread/INFO]: Saving worlds
[22:27:45] [Server thread/INFO]: Saving chunks for level 'Test2'/Overworld
[22:27:46] [Server thread/INFO]: Saving chunks for level 'Test2'/Nether
[22:27:46] [Server thread/INFO]: Saving chunks for level 'Test2'/The End
