[22:29:29] [main/INFO]: Logging in with username & password
[22:29:40] [main/INFO]: Setting user: OnyxDarkKnight
[22:29:44] [Client thread/INFO]: LWJGL Version: 2.9.1
[22:29:45] [Twitch authenticator/ERROR]: Given twitch access token is invalid
[22:29:51] [Client thread/INFO]: Reloading ResourceManager: Default, FMLFileResourcePack:Forge Mod Loader, FMLFileResourcePack:Minecraft Forge, FMLFileResourcePack:Not Enough Items, FMLFileResourcePack:Jewelrycraft 2, FMLFileResourcePack:iChunUtil, FMLFileResourcePack:Tabula
[22:29:54] [Sound Library Loader/INFO]: Sound engine started
[22:29:56] [Client thread/INFO]: Created: 512x256 textures/blocks-atlas
[22:29:56] [Client thread/ERROR]: Using missing texture, unable to load jewelrycraft2:textures/items/jewelryModifier.png
java.io.FileNotFoundException: jewelrycraft2:textures/items/jewelryModifier.png
	at net.minecraft.client.resources.FallbackResourceManager.getResource(FallbackResourceManager.java:65) ~[FallbackResourceManager.class:?]
	at net.minecraft.client.resources.SimpleReloadableResourceManager.getResource(SimpleReloadableResourceManager.java:67) ~[SimpleReloadableResourceManager.class:?]
	at net.minecraft.client.renderer.texture.TextureMap.loadTextureAtlas(TextureMap.java:126) [TextureMap.class:?]
	at net.minecraft.client.renderer.texture.TextureMap.loadTexture(TextureMap.java:91) [TextureMap.class:?]
	at net.minecraft.client.renderer.texture.TextureManager.loadTexture(TextureManager.java:89) [TextureManager.class:?]
	at net.minecraft.client.renderer.texture.TextureManager.loadTickableTexture(TextureManager.java:71) [TextureManager.class:?]
	at net.minecraft.client.renderer.texture.TextureManager.loadTextureMap(TextureManager.java:58) [TextureManager.class:?]
	at net.minecraft.client.Minecraft.startGame(Minecraft.java:583) [Minecraft.class:?]
	at net.minecraft.client.Minecraft.run(Minecraft.java:931) [Minecraft.class:?]
	at net.minecraft.client.main.Main.main(Main.java:164) [Main.class:?]
	at sun.reflect.NativeMethodAccessorImpl.invoke0(Native Method) ~[?:1.7.0_71]
	at sun.reflect.NativeMethodAccessorImpl.invoke(NativeMethodAccessorImpl.java:57) ~[?:1.7.0_71]
	at sun.reflect.DelegatingMethodAccessorImpl.invoke(DelegatingMethodAccessorImpl.java:43) ~[?:1.7.0_71]
	at java.lang.reflect.Method.invoke(Method.java:606) ~[?:1.7.0_71]
	at net.minecraft.launchwrapper.Launch.launch(Launch.java:134) [launchwrapper-1.9.jar:?]
	at net.minecraft.launchwrapper.Launch.main(Launch.java:28) [launchwrapper-1.9.jar:?]
[22:29:56] [Client thread/INFO]: Created: 256x256 textures/items-atlas
[22:29:57] [Client thread/INFO]: Reloading ResourceManager: Default, FMLFileResourcePack:Forge Mod Loader, FMLFileResourcePack:Minecraft Forge, FMLFileResourcePack:Not Enough Items, FMLFileResourcePack:Jewelrycraft 2, FMLFileResourcePack:iChunUtil, FMLFileResourcePack:Tabula
[22:29:57] [Client thread/ERROR]: Using missing texture, unable to load jewelrycraft2:textures/items/jewelryModifier.png
java.io.FileNotFoundException: jewelrycraft2:textures/items/jewelryModifier.png
	at net.minecraft.client.resources.FallbackResourceManager.getResource(FallbackResourceManager.java:65) ~[FallbackResourceManager.class:?]
	at net.minecraft.client.resources.SimpleReloadableResourceManager.getResource(SimpleReloadableResourceManager.java:67) ~[SimpleReloadableResourceManager.class:?]
	at net.minecraft.client.renderer.texture.TextureMap.loadTextureAtlas(TextureMap.java:126) [TextureMap.class:?]
	at net.minecraft.client.renderer.texture.TextureMap.loadTexture(TextureMap.java:91) [TextureMap.class:?]
	at net.minecraft.client.renderer.texture.TextureManager.loadTexture(TextureManager.java:89) [TextureManager.class:?]
	at net.minecraft.client.renderer.texture.TextureManager.onResourceManagerReload(TextureManager.java:170) [TextureManager.class:?]
	at net.minecraft.client.resources.SimpleReloadableResourceManager.notifyReloadListeners(SimpleReloadableResourceManager.java:134) [SimpleReloadableResourceManager.class:?]
	at net.minecraft.client.resources.SimpleReloadableResourceManager.reloadResources(SimpleReloadableResourceManager.java:118) [SimpleReloadableResourceManager.class:?]
	at net.minecraft.client.Minecraft.refreshResources(Minecraft.java:643) [Minecraft.class:?]
	at cpw.mods.fml.client.FMLClientHandler.finishMinecraftLoading(FMLClientHandler.java:303) [FMLClientHandler.class:?]
	at net.minecraft.client.Minecraft.startGame(Minecraft.java:586) [Minecraft.class:?]
	at net.minecraft.client.Minecraft.run(Minecraft.java:931) [Minecraft.class:?]
	at net.minecraft.client.main.Main.main(Main.java:164) [Main.class:?]
	at sun.reflect.NativeMethodAccessorImpl.invoke0(Native Method) ~[?:1.7.0_71]
	at sun.reflect.NativeMethodAccessorImpl.invoke(NativeMethodAccessorImpl.java:57) ~[?:1.7.0_71]
	at sun.reflect.DelegatingMethodAccessorImpl.invoke(DelegatingMethodAccessorImpl.java:43) ~[?:1.7.0_71]
	at java.lang.reflect.Method.invoke(Method.java:606) ~[?:1.7.0_71]
	at net.minecraft.launchwrapper.Launch.launch(Launch.java:134) [launchwrapper-1.9.jar:?]
	at net.minecraft.launchwrapper.Launch.main(Launch.java:28) [launchwrapper-1.9.jar:?]
[22:29:57] [Client thread/INFO]: Created: 256x256 textures/items-atlas
[22:29:58] [Client thread/INFO]: Created: 512x256 textures/blocks-atlas
[22:30:00] [Sound Library Loader/INFO]: Sound engine started
[22:30:08] [Server thread/INFO]: Starting integrated minecraft server version 1.7.10
[22:30:08] [Server thread/INFO]: Generating keypair
[22:30:09] [Server thread/INFO]: Preparing start region for level 0
[22:30:09] [Server thread/WARN]: Skipping Piece with id Jewelrycraft:Jewelry
[22:30:09] [Server thread/WARN]: Skipping Piece with id Jewelrycraft:Jewelry
[22:30:09] [Server thread/WARN]: Skipping Piece with id Jewelrycraft:Jewelry
[22:30:09] [Server thread/WARN]: Skipping Piece with id Jewelrycraft:Jewelry
[22:30:09] [Server thread/WARN]: Skipping Piece with id Jewelrycraft:Jewelry
[22:30:09] [Server thread/WARN]: Skipping Piece with id Jewelrycraft:Jewelry
[22:30:09] [Server thread/WARN]: Skipping Piece with id Jewelrycraft:Jewelry
[22:30:09] [Server thread/WARN]: Skipping Piece with id Jewelrycraft:Jewelry
[22:30:09] [Server thread/WARN]: Skipping Piece with id Jewelrycraft:Jewelry
[22:30:09] [Server thread/WARN]: Skipping Piece with id Jewelrycraft:Jewelry
[22:30:09] [Server thread/WARN]: Skipping Piece with id Jewelrycraft:Jewelry
[22:30:09] [Server thread/WARN]: Skipping Piece with id Jewelrycraft:Jewelry
[22:30:09] [Server thread/WARN]: Skipping Piece with id Jewelrycraft:Jewelry
[22:30:09] [Server thread/WARN]: Skipping Piece with id Jewelrycraft:Jewelry
[22:30:09] [Server thread/WARN]: Skipping Piece with id Jewelrycraft:Jewelry
[22:30:09] [Server thread/WARN]: Skipping Piece with id Jewelrycraft:Jewelry
[22:30:09] [Server thread/WARN]: Skipping Piece with id Jewelrycraft:Jewelry
[22:30:09] [Server thread/WARN]: Skipping Piece with id Jewelrycraft:Jewelry
[22:30:09] [Server thread/WARN]: Skipping Piece with id Jewelrycraft:Jewelry
[22:30:09] [Server thread/WARN]: Skipping Piece with id Jewelrycraft:Jewelry
[22:30:09] [Server thread/WARN]: Skipping Piece with id Jewelrycraft:Jewelry
[22:30:09] [Server thread/WARN]: Skipping Piece with id Jewelrycraft:Jewelry
[22:30:09] [Server thread/WARN]: Skipping Piece with id Jewelrycraft:Jewelry
[22:30:09] [Server thread/WARN]: Skipping Piece with id Jewelrycraft:Jewelry
[22:30:09] [Server thread/WARN]: Skipping Piece with id Jewelrycraft:Jewelry
[22:30:09] [Server thread/WARN]: Skipping Piece with id Jewelrycraft:Jewelry
[22:30:09] [Server thread/WARN]: Skipping Piece with id Jewelrycraft:Jewelry
[22:30:09] [Server thread/WARN]: Skipping Piece with id Jewelrycraft:Jewelry
[22:30:09] [Server thread/WARN]: Skipping Piece with id Jewelrycraft:Jewelry
[22:30:09] [Server thread/WARN]: Skipping Piece with id Jewelrycraft:Jewelry
[22:30:09] [Server thread/WARN]: Skipping Piece with id Jewelrycraft:Jewelry
[22:30:09] [Server thread/WARN]: Skipping Piece with id Jewelrycraft:Jewelry
[22:30:09] [Server thread/WARN]: Skipping Piece with id Jewelrycraft:Jewelry
[22:30:09] [Server thread/WARN]: Skipping Piece with id Jewelrycraft:Jewelry
[22:30:09] [Server thread/WARN]: Skipping Piece with id Jewelrycraft:Jewelry
[22:30:09] [Server thread/WARN]: Skipping Piece with id Jewelrycraft:Jewelry
[22:30:09] [Server thread/WARN]: Skipping Piece with id Jewelrycraft:Jewelry
[22:30:09] [Server thread/WARN]: Skipping Piece with id Jewelrycraft:Jewelry
[22:30:09] [Server thread/WARN]: Skipping Piece with id Jewelrycraft:Jewelry
[22:30:09] [Server thread/WARN]: Skipping Piece with id Jewelrycraft:Jewelry
[22:30:09] [Server thread/WARN]: Skipping Piece with id Jewelrycraft:Jewelry
[22:30:09] [Server thread/WARN]: Skipping Piece with id Jewelrycraft:Jewelry
[22:30:09] [Server thread/WARN]: Skipping Piece with id Jewelrycraft:Jewelry
[22:30:09] [Server thread/WARN]: Skipping Piece with id Jewelrycraft:Jewelry
[22:30:09] [Server thread/WARN]: Skipping Piece with id Jewelrycraft:Jewelry
[22:30:09] [Server thread/WARN]: Skipping Piece with id Jewelrycraft:Jewelry
[22:30:09] [Server thread/WARN]: Skipping Piece with id Jewelrycraft:Jewelry
[22:30:09] [Server thread/WARN]: Skipping Piece with id Jewelrycraft:Jewelry
[22:30:09] [Server thread/WARN]: Skipping Piece with id Jewelrycraft:Jewelry
[22:30:09] [Server thread/WARN]: Skipping Piece with id Jewelrycraft:Jewelry
[22:30:09] [Server thread/WARN]: Skipping Piece with id Jewelrycraft:Jewelry
[22:30:09] [Server thread/WARN]: Skipping Piece with id Jewelrycraft:Jewelry
[22:30:09] [Server thread/WARN]: Skipping Piece with id Jewelrycraft:Jewelry
[22:30:09] [Server thread/WARN]: Skipping Piece with id Jewelrycraft:Jewelry
[22:30:09] [Server thread/WARN]: Skipping Piece with id Jewelrycraft:Jewelry
[22:30:09] [Server thread/WARN]: Skipping Piece with id Jewelrycraft:Jewelry
[22:30:09] [Server thread/WARN]: Skipping Piece with id Jewelrycraft:Jewelry
[22:30:09] [Server thread/WARN]: Skipping Piece with id Jewelrycraft:Jewelry
[22:30:09] [Server thread/WARN]: Skipping Piece with id Jewelrycraft:Jewelry
[22:30:09] [Server thread/WARN]: Skipping Piece with id Jewelrycraft:Jewelry
[22:30:09] [Server thread/WARN]: Skipping Piece with id Jewelrycraft:Jewelry
[22:30:09] [Server thread/WARN]: Skipping Piece with id Jewelrycraft:Jewelry
[22:30:09] [Server thread/WARN]: Skipping Piece with id Jewelrycraft:Jewelry
[22:30:09] [Server thread/WARN]: Skipping Piece with id Jewelrycraft:Jewelry
[22:30:09] [Server thread/WARN]: Skipping Piece with id Jewelrycraft:Jewelry
[22:30:09] [Server thread/WARN]: Skipping Piece with id Jewelrycraft:Jewelry
[22:30:09] [Server thread/WARN]: Skipping Piece with id Jewelrycraft:Jewelry
[22:30:09] [Server thread/WARN]: Skipping Piece with id Jewelrycraft:Jewelry
[22:30:09] [Server thread/WARN]: Skipping Piece with id Jewelrycraft:Jewelry
[22:30:09] [Server thread/WARN]: Skipping Piece with id Jewelrycraft:Jewelry
[22:30:09] [Server thread/WARN]: Skipping Piece with id Jewelrycraft:Jewelry
[22:30:09] [Server thread/WARN]: Skipping Piece with id Jewelrycraft:Jewelry
[22:30:09] [Server thread/WARN]: Skipping Piece with id Jewelrycraft:Jewelry
[22:30:09] [Server thread/WARN]: Skipping Piece with id Jewelrycraft:Jewelry
[22:30:09] [Server thread/WARN]: Skipping Piece with id Jewelrycraft:Jewelry
[22:30:09] [Server thread/WARN]: Skipping Piece with id Jewelrycraft:Jewelry
[22:30:09] [Server thread/WARN]: Skipping Piece with id Jewelrycraft:Jewelry
[22:30:09] [Server thread/WARN]: Skipping Piece with id Jewelrycraft:Jewelry
[22:30:09] [Server thread/WARN]: Skipping Piece with id Jewelrycraft:Jewelry
[22:30:09] [Server thread/WARN]: Skipping Piece with id Jewelrycraft:Jewelry
[22:30:09] [Server thread/WARN]: Skipping Piece with id Jewelrycraft:Jewelry
[22:30:09] [Server thread/WARN]: Skipping Piece with id Jewelrycraft:Jewelry
[22:30:09] [Server thread/WARN]: Skipping Piece with id Jewelrycraft:Jewelry
[22:30:09] [Server thread/WARN]: Skipping Piece with id Jewelrycraft:Jewelry
[22:30:09] [Server thread/WARN]: Skipping Piece with id Jewelrycraft:Jewelry
[22:30:09] [Server thread/WARN]: Skipping Piece with id Jewelrycraft:Jewelry
[22:30:09] [Server thread/WARN]: Skipping Piece with id Jewelrycraft:Jewelry
[22:30:09] [Server thread/WARN]: Skipping Piece with id Jewelrycraft:Jewelry
[22:30:09] [Server thread/WARN]: Skipping Piece with id Jewelrycraft:Jewelry
[22:30:09] [Server thread/WARN]: Skipping Piece with id Jewelrycraft:Jewelry
[22:30:09] [Server thread/WARN]: Skipping Piece with id Jewelrycraft:Jewelry
[22:30:09] [Server thread/WARN]: Skipping Piece with id Jewelrycraft:Jewelry
[22:30:09] [Server thread/WARN]: Skipping Piece with id Jewelrycraft:Jewelry
[22:30:09] [Server thread/WARN]: Skipping Piece with id Jewelrycraft:Jewelry
[22:30:09] [Server thread/WARN]: Skipping Piece with id Jewelrycraft:Jewelry
[22:30:09] [Server thread/WARN]: Skipping Piece with id Jewelrycraft:Jewelry
[22:30:09] [Server thread/WARN]: Skipping Piece with id Jewelrycraft:Jewelry
[22:30:09] [Server thread/WARN]: Skipping Piece with id Jewelrycraft:Jewelry
[22:30:10] [Server thread/INFO]: Preparing spawn area: 57%
[22:30:10] [Server thread/INFO]: Changing view distance to 8, from 10
[22:30:11] [Server thread/INFO]: OnyxDarkKnight[local:E:05731951] logged in with entity id 112 at (-212.76074153577133, 64.0, -748.4109305250627)
[22:30:11] [Server thread/INFO]: OnyxDarkKnight joined the game
[22:55:07] [Server thread/INFO]: Saving and pausing game...
[22:55:07] [Server thread/INFO]: Saving chunks for level 'Test 2'/Overworld
[22:55:07] [Server thread/INFO]: Saving chunks for level 'Test 2'/Nether
[22:55:07] [Server thread/INFO]: Saving chunks for level 'Test 2'/The End
[22:57:20] [Server thread/INFO]: Saving and pausing game...
[22:57:20] [Server thread/INFO]: Saving chunks for level 'Test 2'/Overworld
[22:57:20] [Server thread/INFO]: Saving chunks for level 'Test 2'/Nether
[22:57:20] [Server thread/INFO]: Saving chunks for level 'Test 2'/The End
[22:58:26] [Server thread/INFO]: Stopping server[22:58:37] [Client thread/INFO]: LWJGL Version: 2.9.1
8:26] [Server thread/INFO]: Saving worlds
[22:58:26] [Server thread/INFO]: Saving chunks for level 'Test 2'/Overworld
[22:58:26] [Server thread/INFO]: Saving chunks for level 'Test 2'/Nether
[22:58:26] [Server thread/INFO]: Saving chunks for level 'Test 2'/The End
