[18:11:08] [main/INFO]: Logging in with username & password
[18:11:14] [main/INFO]: Setting user: OnyxDarkKnight
[18:11:16] [Client thread/INFO]: LWJGL Version: 2.9.1
[18:11:17] [Twitch authenticator/ERROR]: Given twitch access token is invalid
[18:11:22] [Client thread/INFO]: Reloading ResourceManager: Default, FMLFileResourcePack:Forge Mod Loader, FMLFileResourcePack:Minecraft Forge, FMLFileResourcePack:Jewelrycraft
[18:11:25] [Sound Library Loader/INFO]: Sound engine started
[18:11:26] [Client thread/INFO]: Created: 512x256 textures/blocks-atlas
[18:11:26] [Client thread/INFO]: Created: 256x256 textures/items-atlas
[18:11:27] [Client thread/INFO]: Reloading ResourceManager: Default, FMLFileResourcePack:Forge Mod Loader, FMLFileResourcePack:Minecraft Forge, FMLFileResourcePack:Jewelrycraft
[18:11:27] [Client thread/INFO]: Created: 256x256 textures/items-atlas
[18:11:27] [Client thread/INFO]: Created: 512x256 textures/blocks-atlas
[18:11:28] [Sound Library Loader/INFO]: Sound engine started
[18:12:26] [Client thread/INFO]: Connecting to localhost, 25565
[18:12:54] [Client thread/INFO]: [CHAT] Teleported OnyxDarkKnight to -29.56621842086315,79.9411999988556,255.68117588442024
[18:13:14] [Client thread/INFO]: [CHAT] Player62 joined the game
[18:13:48] [Client thread/INFO]: [CHAT] Player62 has just earned the achievement [Taking Inventory]
[18:14:42] [Client thread/INFO]: [CHAT] Player62 left the game
2:24] [Client thread/INFO]: Created: 256x256 textures/items-atlas
[18:12:24] [Client thread/INFO]: Reloading ResourceManager: Default, FMLFileResourcePack:Forge Mod Loader, FMLFileResourcePack:Minecraft Forge, FMLFileResourcePack:Jewelrycraft
[18:12:25] [Client thread/INFO]: Created: 256x256 textures/items-atlas
[18:12:25] [Client thread/INFO]: Created: 512x256 textures/blocks-atlas
[18:12:26] [Sound Library Loader/INFO]: Sound engine started
[18:13:11] [Client thread/INFO]: Connecting to localhost, 25565
[18:13:48] [Client thread/INFO]: [CHAT] Player62 has just earned the achievement [Taking Inventory]
[18:14:43] [Client thread/INFO]: Stopping!
%
[18:12:21] [Server thread/INFO]: Preparing spawn area: 93%
[18:12:21] [Server thread/INFO]: Done (6.971s)! For help, type "help" or "?"
[18:12:25] [Server thread/WARN]: Can't keep up! Did the system time change, or is the server overloaded? Running 3030ms behind, skipping 60 tick(s)
[18:12:28] [Server thread/INFO]: OnyxDarkKnight[/127.0.0.1:63767] logged in with entity id 314 at (-29.678366529755294, 69.9411999988556, 255.49707970638033)
[18:12:28] [Server thread/INFO]: OnyxDarkKnight joined the game
[18:12:53] [Server thread/INFO]: [OnyxDarkKnight: Teleported OnyxDarkKnight to -29.56621842086315,79.9411999988556,255.68117588442024]
[18:12:55] [Server thread/WARN]: Can't keep up! Did the system time change, or is the server overloaded? Running 10512ms behind, skipping 210 tick(s)
[18:13:06] [Server thread/WARN]: Can't keep up! Did the system time change, or is the server overloaded? Running 2076ms behind, skipping 41 tick(s)
[18:13:14] [Server thread/INFO]: Player62[/127.0.0.1:63803] logged in with entity id 718 at (-35.5, 76.0, 250.5)
[18:13:14] [Server thread/INFO]: Player62 joined the game
[18:13:36] [Server thread/WARN]: Can't keep up! Did the system time change, or is the server overloaded? Running 11049ms behind, skipping 220 tick(s)
[18:13:46] [Server thread/WARN]: Can't keep up! Did the system time change, or is the server overloaded? Running 3889ms behind, skipping 77 tick(s)
[18:13:48] [Server thread/INFO]: Player62 has just earned the achievement [Taking Inventory]
[18:14:01] [Server thread/WARN]: Can't keep up! Did the system time change, or is the server overloaded? Running 2812ms behind, skipping 56 tick(s)
[18:14:18] [Server thread/WARN]: Can't keep up! Did the system time change, or is the server overloaded? Running 4350ms behind, skipping 87 tick(s)
[18:14:33] [Server thread/WARN]: Can't keep up! Did the system time change, or is the server overloaded? Running 2741ms behind, skipping 54 tick(s)
[18:14:42] [Server thread/INFO]: Player62 lost connection: TextComponent{text='Disconnected', siblings=[], style=Style{hasParent=false, color=null, bold=null, italic=null, underlined=null, obfuscated=null, clickEvent=null, hoverEvent=null}}
[18:14:42] [Server thread/INFO]: Player62 left the game
[18:14:49] [Server thread/WARN]: Can't keep up! Did the system time change, or is the server overloaded? Running 2244ms behind, skipping 44 tick(s)
[18:15:44] [Server thread/WARN]: Can't keep up! Did the system time change, or is the server overloaded? Running 2159ms behind, skipping 43 tick(s)
