[13:18:52] [main/INFO]: Logging in with username & password
[13:18:58] [main/INFO]: Setting user: OnyxDarkKnight
[13:19:00] [Client thread/INFO]: LWJGL Version: 2.9.1
[13:19:01] [Twitch authenticator/ERROR]: Given twitch access token is invalid
[13:19:04] [Client thread/INFO]: Reloading ResourceManager: Default, FMLFileResourcePack:Forge Mod Loader, FMLFileResourcePack:Minecraft Forge, FMLFileResourcePack:Jewelrycraft
[13:19:06] [Sound Library Loader/INFO]: Sound engine started
[13:19:08] [Client thread/INFO]: Created: 512x256 textures/blocks-atlas
[13:19:08] [Client thread/INFO]: Created: 256x256 textures/items-atlas
[13:19:08] [Client thread/INFO]: Reloading ResourceManager: Default, FMLFileResourcePack:Forge Mod Loader, FMLFileResourcePack:Minecraft Forge, FMLFileResourcePack:Jewelrycraft
[13:19:09] [Client thread/INFO]: Created: 256x256 textures/items-atlas
[13:19:09] [Client thread/INFO]: Created: 512x256 textures/blocks-atlas
[13:19:10] [Sound Library Loader/INFO]: Sound engine started
[13:19:13] [Server thread/INFO]: Starting integrated minecraft server version 1.7.10
[13:19:13] [Server thread/INFO]: Generating keypair
[13:19:14] [Server thread/INFO]: Preparing start region for level 0
[13:19:15] [Server thread/INFO]: Changing view distance to 6, from 10
[13:19:16] [Server thread/INFO]: OnyxDarkKnight[local:E:88179c3a] logged in with entity id 69 at (-224.5718717355843, 70.27882464665369, -717.0922622242423)
[13:19:16] [Server thread/INFO]: OnyxDarkKnight joined the game
[13:20:52] [Server thread/INFO]: Saving and pausing game...
[13:20:52] [Server thread/INFO]: Saving chunks for level 'Test 2'/Overworld
[13:20:52] [Server thread/INFO]: Saving chunks for level 'Test 2'/Nether
[13:20:52] [Server thread/INFO]: Saving chunks for level 'Test 2'/The End
[13:21:04] [Server thread/INFO]: Saving and pausing game...
[13:21:04] [Server thread/INFO]: Saving chunks for level 'Test 2'/Overworld
[13:21:04] [Server thread/INFO]: Saving chunks for level 'Test 2'/Nether
[13:21:04] [Server thread/INFO]: Saving chunks for level 'Test 2'/The End
[13:23:12] [Server thread/INFO]: OnyxDarkKnight fell out of the world
[13:23:12] [Client thread/INFO]: [CHAT] OnyxDarkKnight fell out of the world
[13:23:12] [Client thread/INFO]: [CHAT] Ouch! That looked like it hurt
[13:23:24] [Server thread/INFO]: Saving and pausing game...
[13:23:24] [Server thread/INFO]: Saving chunks for level 'Test 2'/Overworld
[13:23:24] [Server thread/INFO]: Saving chunks for level 'Test 2'/Nether
[13:23:24] [Server thread/INFO]: Saving chunks for level 'Test 2'/The End
[13:24:04] [Server thread/INFO]: OnyxDarkKnight fell out of the world
[13:24:04] [Client thread/INFO]: [CHAT] OnyxDarkKnight fell out of the world
[13:24:04] [Client thread/INFO]: [CHAT] Ouch! That looked like it hurt
[13:24:07] [Server thread/INFO]: Saving and pausing game...
[13:24:07] [Server thread/INFO]: Saving chunks for level 'Test 2'/Overworld
[13:24:07] [Server thread/INFO]: Saving chunks for level 'Test 2'/Nether
[13:24:08] [Server thread/INFO]: Saving chunks for level 'Test 2'/The End
[13:24:13] [Server thread/INFO]: Saving and pausing game...
[13:24:13] [Server thread/INFO]: Saving chunks for level 'Test 2'/Overworld
[13:24:13] [Server thread/INFO]: Saving chunks for level 'Test 2'/Nether
[13:24:13] [Server thread/INFO]: Saving chunks for level 'Test 2'/The End
[13:25:32] [Server thread/INFO]: OnyxDarkKnight fell out of the world
[13:25:32] [Client thread/INFO]: [CHAT] OnyxDarkKnight fell out of the world
[13:25:32] [Client thread/INFO]: [CHAT] Ouch! That looked like it hurt
[13:25:36] [Server thread/INFO]: OnyxDarkKnight fell out of the world
[13:25:36] [Client thread/INFO]: [CHAT] OnyxDarkKnight fell out of the world
[13:25:36] [Client thread/INFO]: [CHAT] Ouch! That looked like it hurt
[13:25:40] [Server thread/INFO]: OnyxDarkKnight fell out of the world
[13:25:40] [Client thread/INFO]: [CHAT] OnyxDarkKnight fell out of the world
[13:25:40] [Client thread/INFO]: [CHAT] Ouch! That looked like it hurt
[13:25:45] [Server thread/INFO]: OnyxDarkKnight fell out of the world
[13:25:45] [Client thread/INFO]: [CHAT] OnyxDarkKnight fell out of the world
[13:25:45] [Client thread/INFO]: [CHAT] Ouch! That looked like it hurt
[13:25:50] [Server thread/INFO]: OnyxDarkKnight fell out of the world
[13:25:50] [Client thread/INFO]: [CHAT] OnyxDarkKnight fell out of the world
[13:25:50] [Client thread/INFO]: [CHAT] Ouch! That looked like it hurt
[13:25:54] [Server thread/INFO]: OnyxDarkKnight fell out of the world
[13:25:54] [Client thread/INFO]: [CHAT] OnyxDarkKnight fell out of the world
[13:25:54] [Client thread/INFO]: [CHAT] Ouch! That looked like it hurt
[13:26:37] [Client thread/INFO]: [CHAT] <OnyxDarkKnight> This is MY item! MINE! I will NEVER give it to you! Mine! Mine! MINE!
[13:26:38] [Client thread/INFO]: [CHAT] <OnyxDarkKnight> This is MY item! MINE! I will NEVER give it to you! Mine! Mine! MINE!
[13:28:45] [Client thread/INFO]: [CHAT] The number you have entered (-1000) is too small, it must be at least 0
[13:28:52] [Client thread/INFO]: [CHAT] setCursePoints, addModifier, addCurse
[13:28:57] [Server thread/INFO]: OnyxDarkKnight fell out of the world
[13:28:57] [Client thread/INFO]: [CHAT] OnyxDarkKnight fell out of the world
[13:28:57] [Client thread/INFO]: [CHAT] Ouch! That looked like it hurt
[13:29:01] [Server thread/INFO]: OnyxDarkKnight fell out of the world
[13:29:01] [Client thread/INFO]: [CHAT] OnyxDarkKnight fell out of the world
[13:29:01] [Client thread/INFO]: [CHAT] Ouch! That looked like it hurt
[13:30:24] [Server thread/INFO]: OnyxDarkKnight fell out of the world
[13:30:24] [Client thread/INFO]: [CHAT] OnyxDarkKnight fell out of the world
[13:30:24] [Client thread/INFO]: [CHAT] Ouch! That looked like it hurt
[13:30:31] [Server thread/INFO]: OnyxDarkKnight fell out of the world
[13:30:31] [Client thread/INFO]: [CHAT] OnyxDarkKnight fell out of the world
[13:30:31] [Client thread/INFO]: [CHAT] Ouch! That looked like it hurt
[13:30:35] [Server thread/INFO]: OnyxDarkKnight fell out of the world
[13:30:35] [Client thread/INFO]: [CHAT] OnyxDarkKnight fell out of the world
[13:30:35] [Client thread/INFO]: [CHAT] Ouch! That looked like it hurt
[13:30:38] [Server thread/INFO]: Saving and pausing game...
[13:30:38] [Server thread/INFO]: Saving chunks for level 'Test 2'/Overworld
[13:30:38] [Server thread/INFO]: Saving chunks for level 'Test 2'/Nether
[13:30:39] [Server thread/INFO]: Saving chunks for level 'Test 2'/The End
[13:31:03] [Server thread/INFO]: Saving and pausing game...
[13:31:03] [Server thread/INFO]: Saving chunks for level 'Test 2'/Overworld
[13:31:03] [Server thread/INFO]: Saving chunks for level 'Test 2'/Nether
[13:31:03] [Server thread/INFO]: Saving chunks for level 'Test 2'/The End
[13:31:53] [Server thread/INFO]: Saving and pausing game...
[13:31:54] [Server thread/INFO]: Saving chunks for level 'Test 2'/Overworld
[13:31:54] [Server thread/INFO]: Saving chunks for level 'Test 2'/Nether
[13:31:54] [Server thread/INFO]: Saving chunks for level 'Test 2'/The End
[13:33:02] [Server thread/INFO]: Saving and pausing game...
[13:33:02] [Server thread/INFO]: Saving chunks for level 'Test 2'/Overworld
[13:33:02] [Server thread/INFO]: Saving chunks for level 'Test 2'/Nether
[13:33:02] [Server thread/INFO]: Saving chunks for level 'Test 2'/The End
[13:33:26] [Server thread/INFO]: Saving and pausing game...
[13:33:26] [Server thread/INFO]: Saving chunks for level 'Test 2'/Overworld
[13:33:27] [Server thread/INFO]: Saving chunks for level 'Test 2'/Nether
[13:33:27] [Server thread/INFO]: Saving chunks for level 'Test 2'/The End
[13:33:30] [Server thread/INFO]: OnyxDarkKnight fell out of the world
[13:33:30] [Client thread/INFO]: [CHAT] OnyxDarkKnight fell out of the world
[13:33:30] [Client thread/INFO]: [CHAT] Ouch! That looked like it hurt
[13:33:35] [Server thread/INFO]: OnyxDarkKnight fell out of the world
[13:33:35] [Client thread/INFO]: [CHAT] OnyxDarkKnight fell out of the world
[13:33:35] [Client thread/INFO]: [CHAT] Ouch! That looked like it hurt
[13:33:43] [Server thread/INFO]: OnyxDarkKnight fell out of the world
[13:33:43] [Client thread/INFO]: [CHAT] OnyxDarkKnight fell out of the world
[13:33:43] [Client thread/INFO]: [CHAT] Ouch! That looked like it hurt
[13:33:47] [Server thread/INFO]: Saving and pausing game...
[13:33:47] [Server thread/INFO]: Saving chunks for level 'Test 2'/Overworld
[13:33:47] [Server thread/INFO]: Saving chunks for level 'Test 2'/Nether
[13:33:47] [Server thread/INFO]: Saving chunks for level 'Test 2'/The End
[13:34:11] [Server thread/INFO]: Saving and pausing game...
[13:34:11] [Server thread/INFO]: Saving chunks for level 'Test 2'/Overworld
[13:34:11] [Server thread/INFO]: Saving chunks for level 'Test 2'/Nether
[13:34:11] [Server thread/INFO]: Saving chunks for level 'Test 2'/The End
[13:34:11] [Server thread/INFO]: Stopping server
[13:34:11] [Server thread/INFO]: Saving players
[13:34:11] [Server thread/INFO]: Saving worlds
[13:34:11] [Server thread/INFO]: Saving chunks for level 'Test 2'/Overworld
[13:34:12] [Server thread/INFO]: Saving chunks for level 'Test 2'/Nether
[13:34:12] [Server thread/INFO]: Saving chunks for level 'Test 2'/The End
[13:34:14] [Server thread/INFO]: Starting integrated minecraft server version 1.7.10
[13:34:14] [Server thread/INFO]: Generating keypair
[13:34:14] [Server thread/INFO]: Preparing start region for level 0
[13:34:14] [Server thread/INFO]: Changing view distance to 6, from 10
[13:34:14] [Server thread/INFO]: OnyxDarkKnight[local:E:a7d66164] logged in with entity id 29237 at (-241.5, 64.0, -714.5)
[13:34:14] [Server thread/INFO]: OnyxDarkKnight joined the game
[13:34:17] [Server thread/INFO]: Saving and pausing game...
[13:34:17] [Server thread/INFO]: Saving chunks for level 'Test 2'/Overworld
[13:34:17] [Server thread/INFO]: Saving chunks for level 'Test 2'/Nether
[13:34:17] [Server thread/INFO]: Saving chunks for level 'Test 2'/The End
[13:36:02] [Server thread/INFO]: Saving and pausing game...
[13:36:02] [Server thread/INFO]: Saving chunks for level 'Test 2'/Overworld
[13:36:02] [Server thread/INFO]: Saving chunks for level 'Test 2'/Nether
[13:36:03] [Server thread/INFO]: Saving chunks for level 'Test 2'/The End
[13:36:14] [Server thread/INFO]: OnyxDarkKnight fell out of the world
[13:36:14] [Client thread/INFO]: [CHAT] OnyxDarkKnight fell out of the world
[13:36:14] [Client thread/INFO]: [CHAT] Ouch! That looked like it hurt
[13:36:20] [Server thread/INFO]: Saving and pausing game...
[13:36:20] [Server thread/INFO]: Saving chunks for level 'Test 2'/Overworld
[13:36:20] [Server thread/INFO]: Saving chunks for level 'Test 2'/Nether
[13:36:20] [Server thread/INFO]: Saving chunks for level 'Test 2'/The End
[13:36:24] [Server thread/INFO]: Stopping server
[13:36:24] [Server thread/INFO]: Saving players
[13:36:24] [Server thread/INFO]: Saving worlds
[13:36:24] [Server thread/INFO]: Saving chunks for level 'Test 2'/Overworld
[13:36:24] [Server thread/INFO]: Saving chunks for level 'Test 2'/Nether
[13:36:25] [Server thread/INFO]: Saving chunks for level 'Test 2'/The End
[13:37:42] [Server thread/INFO]: Starting integrated minecraft server version 1.7.10
[13:37:42] [Server thread/INFO]: Generating keypair
[13:37:42] [Server thread/INFO]: Preparing start region for level 0
[13:37:43] [Server thread/INFO]: Changing view distance to 6, from 10
[13:37:43] [Server thread/INFO]: OnyxDarkKnight[local:E:64d3c50e] logged in with entity id 36866 at (-241.5, 64.0, -721.5)
[13:37:43] [Server thread/INFO]: OnyxDarkKnight joined the game
[13:37:49] [Server thread/INFO]: OnyxDarkKnight fell out of the world
[13:37:49] [Client thread/INFO]: [CHAT] OnyxDarkKnight fell out of the world
[13:37:49] [Client thread/INFO]: [CHAT] Ouch! That looked like it hurt
[13:37:54] [Server thread/INFO]: OnyxDarkKnight fell out of the world
[13:37:54] [Client thread/INFO]: [CHAT] OnyxDarkKnight fell out of the world
[13:37:54] [Client thread/INFO]: [CHAT] Ouch! That looked like it hurt
[13:37:58] [Server thread/INFO]: OnyxDarkKnight fell out of the world
[13:37:58] [Client thread/INFO]: [CHAT] OnyxDarkKnight fell out of the world
[13:37:58] [Client thread/INFO]: [CHAT] Ouch! That looked like it hurt
[13:38:01] [Server thread/INFO]: OnyxDarkKnight fell out of the world
[13:38:01] [Client thread/INFO]: [CHAT] OnyxDarkKnight fell out of the world
[13:38:01] [Client thread/INFO]: [CHAT] Ouch! That looked like it hurt
[13:38:04] [Server thread/INFO]: Saving and pausing game...
[13:38:04] [Server thread/INFO]: Saving chunks for level 'Test 2'/Overworld
[13:38:04] [Server thread/INFO]: Saving chunks for level 'Test 2'/Nether
[13:38:04] [Server thread/INFO]: Saving chunks for level 'Test 2'/The End
[13:38:35] [Server thread/INFO]: Saving and pausing game...
[13:38:35] [Server thread/INFO]: Saving chunks for level 'Test 2'/Overworld
[13:38:36] [Server thread/INFO]: Saving chunks for level 'Test 2'/Nether
[13:38:36] [Server thread/INFO]: Saving chunks for level 'Test 2'/The End
[13:38:36] [Server thread/INFO]: Stopping server
[13:38:36] [Server thread/INFO]: Saving players
[13:38:36] [Server thread/INFO]: Saving worlds
[13:38:36] [Server thread/INFO]: Saving chunks for level 'Test 2'/Overworld
[13:38:36] [Server thread/INFO]: Saving chunks for level 'Test 2'/Nether
[13:38:36] [Server thread/INFO]: Saving chunks for level 'Test 2'/The End
[13:39:17] [Client thread/INFO]: Connecting to localhost, 25565
[13:39:42] [Client thread/INFO]: [CHAT] jeb_ joined the game
[13:40:25] [Client thread/INFO]: [CHAT] You do not have permission to use this command
[13:40:42] [Client thread/INFO]: [CHAT] [Server: Opped OnyxDarkKnight]
[13:40:45] [Client thread/INFO]: [CHAT] addCursePoints, getCursePoints, setCursePoints, addModifier, addCurse
[13:40:46] [Client thread/INFO]: [CHAT] OnyxDarkKnight, jeb_
[13:40:56] [Client thread/INFO]: [CHAT] OnyxDarkKnight fell out of the world
[13:40:56] [Client thread/INFO]: [CHAT] Ouch! That looked like it hurt
[13:41:03] [Client thread/INFO]: [CHAT] OnyxDarkKnight fell out of the world
[13:41:03] [Client thread/INFO]: [CHAT] Ouch! That looked like it hurt
[13:41:10] [Client thread/INFO]: [CHAT] jeb_, OnyxDarkKnight
[13:41:11] [Client thread/INFO]: [CHAT] jeb_, OnyxDarkKnight
[13:41:11] [Client thread/INFO]: [CHAT] jeb_, OnyxDarkKnight
[13:41:13] [Client thread/INFO]: [CHAT] Teleported OnyxDarkKnight to jeb_
[13:41:55] [Client thread/INFO]: [CHAT] <OnyxDarkKnight> This is MY i[13:42:48] [Client thread/INFO]: Connecting to localhost, 25565
[13:42:52] [Client thread/INFO]: Stopping!
night> This is MY item! MINE! I will NEVER give it to you! Mine! Mine! MINE!
[13:41:56] [Client thread/INFO]: [CHAT] <OnyxDarkKnight> This is MY item! MINE! I will NEVER give it to you! Mine! Mine! MINE!
[13:42:00] [Client thread/INFO]: [CHAT] <OnyxDarkKnight> This is MY item! MINE! I will NEVER give it to you! Mine! Mine! MINE!
[13:42:01] [Client thread/INFO]: [CHAT] <OnyxDarkKnight> This is MY item! MINE! I will NEVER give it to you! Mine! Mine! MINE!
[13:42:06] [Client thread/INFO]: [CHAT] <OnyxDarkKnight> This is MY item! MINE! I will NEVER give it to you! Mine! Mine! MINE!
[13:42:07] [Client thread/INFO]: [CHAT] <OnyxDarkKnight> This is MY item! MINE! I will NEVER give it to you! Mine! Mine! MINE!
[13:42:07] [Client thread/INFO]: [CHAT] <OnyxDarkKnight> This is MY item! MINE! I will NEVER give it to you! Mine! Mine! MINE!
[13:42:07] [Client thread/INFO]: [CHAT] <OnyxDarkKnight> This is MY item! MINE! I will NEVER give it to you! Mine! Mine! MINE!
[13:42:45] [Client thread/INFO]: [CHAT] jeb_ left the game
[13:42:49] [Client thread/INFO]: [CHAT] jeb_ joined the game
[13:42:51] [Client thread/INFO]: [CHAT] jeb_ left the game
ver overloaded? Running 2182ms behind, skipping 43 tick(s)
[13:42:45] [Server thread/INFO]: jeb_ lost connection: TextComponent{text='Disconnected', siblings=[], style=Style{hasParent=false, color=null, bold=null, italic=null, underlined=null, obfuscated=null, clickEvent=null, hoverEvent=null}}
[13:42:45] [Server thread/INFO]: jeb_ left the game
[13:42:49] [Server thread/INFO]: jeb_[/127.0.0.1:61646] logged in with entity id 85352 at (-55.64385454847406, 72.0, 217.31026166019188)
[13:42:49] [Server thread/INFO]: jeb_ joined the game
[13:42:51] [Server thread/INFO]: jeb_ lost connection: TranslatableComponent{key='disconnect.genericReason', args=[Internal Exception: java.io.IOException: An established connection was aborted by the software in your host machine], siblings=[], style=Style{hasParent=false, color=null, bold=null, italic=null, underlined=null, obfuscated=null, clickEvent=null, hoverEvent=null}}
[13:42:51] [Server thread/INFO]: jeb_ left the game
[13:43:08] [Server thread/WARN]: Can't keep up! Did the system time change, or is the server overloaded? Running 2482ms behind, skipping 49 tick(s)
