[20:00:31] [main/INFO]: Logging in with username & password
[20:00:39] [main/INFO]: Setting user: OnyxDarkKnight
[20:00:43] [Client thread/INFO]: LWJGL Version: 2.9.1
[20:00:45] [Twitch authenticator/ERROR]: Given twitch access token is invalid
[20:00:49] [Client thread/INFO]: Reloading ResourceManager: Default, FMLFileResourcePack:Forge Mod Loader, FMLFileResourcePack:Minecraft Forge, FMLFileResourcePack:Not Enough Items, FMLFileResourcePack:Jewelrycraft 2
[20:00:52] [Sound Library Loader/INFO]: Sound engine started
[20:00:53] [Client thread/INFO]: Created: 512x256 textures/blocks-atlas
[20:00:53] [Client thread/ERROR]: Using missing texture, unable to load minecraft:textures/items/MISSING_ICON_ITEM_4109_jewelrycraft2.goldObject.png
java.io.FileNotFoundException: minecraft:textures/items/MISSING_ICON_ITEM_4109_jewelrycraft2.goldObject.png
	at net.minecraft.client.resources.FallbackResourceManager.getResource(FallbackResourceManager.java:65) ~[FallbackResourceManager.class:?]
	at net.minecraft.client.resources.SimpleReloadableResourceManager.getResource(SimpleReloadableResourceManager.java:67) ~[SimpleReloadableResourceManager.class:?]
	at net.minecraft.client.renderer.texture.TextureMap.loadTextureAtlas(TextureMap.java:126) [TextureMap.class:?]
	at net.minecraft.client.renderer.texture.TextureMap.loadTexture(TextureMap.java:91) [TextureMap.class:?]
	at net.minecraft.client.renderer.texture.TextureManager.loadTexture(TextureManager.java:89) [TextureManager.class:?]
	at net.minecraft.client.renderer.texture.TextureManager.loadTickableTexture(TextureManager.java:71) [TextureManager.class:?]
	at net.minecraft.client.renderer.texture.TextureManager.loadTextureMap(TextureManager.java:58) [TextureManager.class:?]
	at net.minecraft.client.Minecraft.startGame(Minecraft.java:583) [Minecraft.class:?]
	at net.minecraft.client.Minecraft.run(Minecraft.java:931) [Minecraft.class:?]
	at net.minecraft.client.main.Main.main(Main.java:164) [Main.class:?]
	at sun.reflect.NativeMethodAccessorImpl.invoke0(Native Method) ~[?:1.7.0_71]
	at sun.reflect.NativeMethodAccessorImpl.invoke(NativeMethodAccessorImpl.java:57) ~[?:1.7.0_71]
	at sun.reflect.DelegatingMethodAccessorImpl.invoke(DelegatingMethodAccessorImpl.java:43) ~[?:1.7.0_71]
	at java.lang.reflect.Method.invoke(Method.java:606) ~[?:1.7.0_71]
	at net.minecraft.launchwrapper.Launch.launch(Launch.java:134) [launchwrapper-1.9.jar:?]
	at net.minecraft.launchwrapper.Launch.main(Launch.java:28) [launchwrapper-1.9.jar:?]
[20:00:53] [Client thread/INFO]: Created: 256x256 textures/items-atlas
[20:00:54] [Client thread/INFO]: Reloading ResourceManager: Default, FMLFileResourcePack:Forge Mod Loader, FMLFileResourcePack:Minecraft Forge, FMLFileResourcePack:Not Enough Items, FMLFileResourcePack:Jewelrycraft 2
[20:00:54] [Client thread/ERROR]: Using missing texture, unable to load minecraft:textures/items/MISSING_ICON_ITEM_4109_jewelrycraft2.goldObject.png
java.io.FileNotFoundException: minecraft:textures/items/MISSING_ICON_ITEM_4109_jewelrycraft2.goldObject.png
	at net.minecraft.client.resources.FallbackResourceManager.getResource(FallbackResourceManager.java:65) ~[FallbackResourceManager.class:?]
	at net.minecraft.client.resources.SimpleReloadableResourceManager.getResource(SimpleReloadableResourceManager.java:67) ~[SimpleReloadableResourceManager.class:?]
	at net.minecraft.client.renderer.texture.TextureMap.loadTextureAtlas(TextureMap.java:126) [TextureMap.class:?]
	at net.minecraft.client.renderer.texture.TextureMap.loadTexture(TextureMap.java:91) [TextureMap.class:?]
	at net.minecraft.client.renderer.texture.TextureManager.loadTexture(TextureManager.java:89) [TextureManager.class:?]
	at net.minecraft.client.renderer.texture.TextureManager.onResourceManagerReload(TextureManager.java:170) [TextureManager.class:?]
	at net.minecraft.client.resources.SimpleReloadableResourceManager.notifyReloadListeners(SimpleReloadableResourceManager.java:134) [SimpleReloadableResourceManager.class:?]
	at net.minecraft.client.resources.SimpleReloadableResourceManager.reloadResources(SimpleReloadableResourceManager.java:118) [SimpleReloadableResourceManager.class:?]
	at net.minecraft.client.Minecraft.refreshResources(Minecraft.java:643) [Minecraft.class:?]
	at cpw.mods.fml.client.FMLClientHandler.finishMinecraftLoading(FMLClientHandler.java:303) [FMLClientHandler.class:?]
	at net.minecraft.client.Minecraft.startGame(Minecraft.java:586) [Minecraft.class:?]
	at net.minecraft.client.Minecraft.run(Minecraft.java:931) [Minecraft.class:?]
	at net.minecraft.client.main.Main.main(Main.java:164) [Main.class:?]
	at sun.reflect.NativeMethodAccessorImpl.invoke0(Native Method) ~[?:1.7.0_71]
	at sun.reflect.NativeMethodAccessorImpl.invoke(NativeMethodAccessorImpl.java:57) ~[?:1.7.0_71]
	at sun.reflect.DelegatingMethodAccessorImpl.invoke(DelegatingMethodAccessorImpl.java:43) ~[?:1.7.0_71]
	at java.lang.reflect.Method.invoke(Method.java:606) ~[?:1.7.0_71]
	at net.minecraft.launchwrapper.Launch.launch(Launch.java:134) [launchwrapper-1.9.jar:?]
	at net.minecraft.launchwrapper.Launch.main(Launch.java:28) [launchwrapper-1.9.jar:?]
[20:00:54] [Client thread/INFO]: Created: 256x256 textures/items-atlas
[20:00:54] [Client thread/INFO]: Created: 512x256 textures/blocks-atlas
[20:00:55] [Sound Library Loader/INFO]: Sound engine started
[20:01:35] [Server thread/INFO]: Starting integrated minecraft server version 1.7.10
[20:01:35] [Server thread/INFO]: Generating keypair
[20:01:36] [Server thread/INFO]: Preparing start region for level 0
[20:01:37] [Server thread/INFO]: Preparing spawn area: 72%
[20:01:37] [Server thread/INFO]: OnyxDarkKnight[local:E:3d541775] logged in with entity id 42 at (-329.96801369126877, 64.0, -843.7067155409562)
[20:01:37] [Server thread/INFO]: OnyxDarkKnight joined the game
[20:01:58] [Client thread/INFO]: [CHAT] You are now playing survival
[20:14:07] [Client thread/INFO]: [CHAT] The Smelter contains a molten Iron Ingot
[20:14:08] [Client thread/INFO]: [CHAT] The Smelter contains a molten Iron Ingot
[20:21:49] [Client thread/INFO]: [CHAT] The Smelter contains a molten Iron Ingot
[20:21:50] [Client thread/INFO]: [CHAT] The Smelter contains a molten Iron Ingot
[20:21:52] [Server thread/INFO]: Saving and pausing game...
[20:21:52] [Server thread/INFO]: Saving chunks for level 'Copy of Test 2'/Overworld
[20:21:52] [Server thread/INFO]: Saving chunks for level 'Copy of Test 2'/Nether
[20:21:52] [Server thread/INFO]: Saving chunks for level 'Copy of Test 2'/The End
[20:21:53] [Server thread/INFO]: Stopping server
[20:21:53] [Server thread/INFO]: Saving players
[20:21:53] [Server thread/INFO]: Saving worlds
[20:21:53] [Server thread/INFO]: Saving chunks for level 'Copy of Test 2'/Overworld
[20:21:53] [Server thread/INFO]: Saving chunks for level 'Copy of Test 2'/Nether
[20:21:53] [Server thread/INFO]: Saving chunks for level 'Copy of Test 2'/The End
[20:21:54] [Client thread/INFO]: Stopping!
