#
# A fatal error has been detected by the Java Runtime Environment:
#
#  EXCEPTION_ACCESS_VIOLATION (0xc0000005) at pc=0x000007fef7aed6c4, pid=2524, tid=3096
#
# JRE version: Java(TM) SE Runtime Environment (7.0_65-b19) (build 1.7.0_65-b19)
# Java VM: Java HotSpot(TM) 64-Bit Server VM (24.65-b04 mixed mode windows-amd64 compressed oops)
# Problematic frame:
# C  [OPENGL32.dll+0xdd6c4]
#
# Failed to write core dump. Minidumps are not enabled by default on client versions of Windows
#
# If you would like to submit a bug report, please visit:
#   http://bugreport.sun.com/bugreport/crash.jsp
#

---------------  T H R E A D  ---------------

Current thread (0x0000000009756000):  VMThread [stack: 0x00000000098f0000,0x00000000099f0000] [id=3096]

siginfo: ExceptionCode=0xc0000005, reading address 0x0000000000000a38

Registers:
RAX=0x0000000000000000, RBX=0x0000000014c6ec90, RCX=0x0000000000000001, RDX=0x0000000014c6d810
RSP=0x00000000099eef78, RBP=0x0000000014d88070, RSI=0x0000000014c6b370, RDI=0x0000000014c6d810
R8 =0x000007feec5a9488, R9 =0x0000000000000066, R10=0x00000000000000b3, R11=0x000000000000001b
R12=0x0000000000000000, R13=0x0000000014d88078, R14=0x0000000014c6ad50, R15=0x0000000014c6ad60
RIP=0x000007fef7aed6c4, EFLAGS=0x0000000000010283

Top of Stack: (sp=0x00000000099eef78)
0x00000000099eef78:   000007feebdad3b0 0000000000000000
0x00000000099eef88:   0000000014c6b4f0 0000000000000048
0x00000000099eef98:   0000000014c6b280 0000000014c6d810
0x00000000099eefa8:   000007feebd8d321 0000000014c6ec90
0x00000000099eefb8:   0000000014c6b4f0 0000000014d88078
0x00000000099eefc8:   0000000000000000 fffffffffffffffe
0x00000000099eefd8:   0000000014c6b280 0000000014c6ec90
0x00000000099eefe8:   000007feebd8d2c4 0000000014c6ec90
0x00000000099eeff8:   0000000000000001 0000000014c6b4f0
0x00000000099ef008:   000007feebd92689 0000000014c6aea0
0x00000000099ef018:   000007feebdeea91 0000000000000000
0x00000000099ef028:   0000000000000000 fffffffffffffffe
0x00000000099ef038:   0000000014c6ae20 0000000014c6d850
0x00000000099ef048:   000007feebd9ae0a 0000000014c6b4f0
0x00000000099ef058:   0000000014c6b330 0000000014c6b280
0x00000000099ef068:   0000000077a7413d 0000000014c6aea0 

Instructions: (pc=0x000007fef7aed6c4)
0x000007fef7aed6a4:   cc cc cc cc cc cc 66 0f 1f 44 00 00 8b 05 16 0c
0x000007fef7aed6b4:   01 00 83 f8 40 73 0f 65 48 8b 04 c5 80 14 00 00
0x000007fef7aed6c4:   ff a0 38 0a 00 00 b8 47 01 00 00 e9 ec d4 ff ff
0x000007fef7aed6d4:   cc cc cc cc cc cc 66 0f 1f 44 00 00 8b 05 e6 0b 


Register to memory mapping:

RAX=
[error occurred during error reporting (printing register info), id 0xc0000005]

Stack: [0x00000000098f0000,0x00000000099f0000],  sp=0x00000000099eef78,  free space=1019k
Native frames: (J=compiled Java code, j=interpreted, Vv=VM code, C=native code)
C  [OPENGL32.dll+0xdd6c4]

VM_Operation (0x000000000268ea50): Exit, mode: safepoint, requested by thread 0x000000000222b800


---------------  P R O C E S S  ---------------

Java Threads: ( => current thread )
  0x000000000bccd000 JavaThread "File IO Thread" [_thread_blocked, id=6108, stack(0x0000000022760000,0x0000000022860000)]
  0x000000000bccb800 JavaThread "Chunk I/O Executor Thread-1" daemon [_thread_blocked, id=5712, stack(0x000000001a790000,0x000000001a890000)]
  0x000000000bcca800 JavaThread "Netty IO #1" daemon [_thread_in_native, id=5920, stack(0x000000001a560000,0x000000001a660000)]
  0x000000000bcca000 JavaThread "Netty Client IO #0" daemon [_thread_in_native, id=5964, stack(0x000000001a460000,0x000000001a560000)]
  0x000000000bcc9000 JavaThread "Netty IO #0" daemon [_thread_blocked, id=6568, stack(0x000000001a240000,0x000000001a340000)]
  0x000000000bcc7000 JavaThread "Thread-12" [_thread_blocked, id=2364, stack(0x0000000019510000,0x0000000019610000)]
  0x000000000bcc6000 JavaThread "Thread-11" [_thread_blocked, id=6904, stack(0x0000000019350000,0x0000000019450000)]
  0x00000000163b7800 JavaThread "LWJGL Timer" daemon [_thread_blocked, id=6504, stack(0x00000000150a0000,0x00000000151a0000)]
  0x00000000163a6800 JavaThread "Thread-9" [_thread_blocked, id=6812, stack(0x0000000017ef0000,0x0000000017ff0000)]
  0x0000000016005800 JavaThread "Thread-8" [_thread_blocked, id=780, stack(0x0000000014f90000,0x0000000015090000)]
  0x000000000c299000 JavaThread "Thread-6" [_thread_blocked, id=936, stack(0x0000000012ca0000,0x0000000012da0000)]
  0x000000000b881800 JavaThread "Java2D Disposer" daemon [_thread_blocked, id=5696, stack(0x0000000013130000,0x0000000013230000)]
  0x000000000c199800 JavaThread "Timer hack thread" daemon [_thread_blocked, id=4456, stack(0x000000000df50000,0x000000000e050000)]
  0x000000000b750800 JavaThread "Snooper Timer" daemon [_thread_blocked, id=4828, stack(0x000000000cc60000,0x000000000cd60000)]
  0x0000000009c61800 JavaThread "Service Thread" daemon [_thread_blocked, id=6464, stack(0x000000000b1a0000,0x000000000b2a0000)]
  0x0000000009c5c800 JavaThread "C2 CompilerThread1" daemon [_thread_blocked, id=6868, stack(0x000000000ae20000,0x000000000af20000)]
  0x0000000009c5c000 JavaThread "C2 CompilerThread0" daemon [_thread_blocked, id=5976, stack(0x000000000af90000,0x000000000b090000)]
  0x0000000009c4f000 JavaThread "JDWP Command Reader" daemon [_thread_blocked, id=7096, stack(0x000000000ac10000,0x000000000ad10000)]
  0x0000000009c48800 JavaThread "JDWP Event Helper Thread" daemon [_thread_blocked, id=6752, stack(0x000000000ad10000,0x000000000ae10000)]
  0x0000000009c3c800 JavaThread "JDWP Transport Listener: dt_socket" daemon [_thread_blocked, id=5144, stack(0x000000000ab00000,0x000000000ac00000)]
  0x0000000009c34000 JavaThread "Attach Listener" daemon [_thread_blocked, id=1652, stack(0x000000000a2b0000,0x000000000a3b0000)]
  0x0000000009c32800 JavaThread "Surrogate Locker Thread (Concurrent GC)" daemon [_thread_blocked, id=2056, stack(0x0000000009340000,0x0000000009440000)]
  0x0000000009764000 JavaThread "Finalizer" daemon [_thread_blocked, id=432, stack(0x00000000097a0000,0x00000000098a0000)]
  0x000000000975d000 JavaThread "Reference Handler" daemon [_thread_blocked, id=2432, stack(0x0000000009af0000,0x0000000009bf0000)]
  0x000000000222b800 JavaThread "Client thread" [_thread_blocked, id=6700, stack(0x0000000002590000,0x0000000002690000)]

Other Threads:
=>0x0000000009756000 VMThread [stack: 0x00000000098f0000,0x00000000099f0000] [id=3096]

VM state:at safepoint (shutting down)

VM Mutex/Monitor currently owned by a thread:  ([mutex/lock_event])
[0x0000000002229900] Threads_lock - owner thread: 0x0000000009756000

Heap
 par new generation   total 157248K, used 80410K [0x00000000dae00000, 0x00000000e58a0000, 0x00000000e58a0000)
  eden space 139776K,  49% used [0x00000000dae00000, 0x00000000df1b6248, 0x00000000e3680000)
  from space 17472K,  63% used [0x00000000e3680000, 0x00000000e4150630, 0x00000000e4790000)
  to   space 17472K,   0% used [0x00000000e4790000, 0x00000000e4790000, 0x00000000e58a0000)
 concurrent mark-sweep generation total 349568K, used 106777K [0x00000000e58a0000, 0x00000000fae00000, 0x00000000fae00000)
 concurrent-mark-sweep perm gen total 57548K, used 34851K [0x00000000fae00000, 0x00000000fe633000, 0x0000000100000000)

Card table byte_map: [0x0000000005910000,0x0000000005a40000] byte_map_base: 0x0000000005239000

Polling page: 0x0000000000420000

Code Cache  [0x0000000002690000, 0x0000000002f80000, 0x0000000005690000)
 total_blobs=3322 nmethods=2607 adapters=673 free_code_cache=40177Kb largest_free_block=41013888

Compilation events (10 events):
Event: 297.615 Thread 0x0000000009c5c000 2898             java.util.LinkedList$ListItr::next (56 bytes)
Event: 297.616 Thread 0x0000000009c5c000 nmethod 2898 0x0000000002cb0fd0 code [0x0000000002cb1120, 0x0000000002cb1258]
Event: 297.669 Thread 0x0000000009c5c800 2899             sun.nio.cs.SingleByte$Encoder::encodeArrayLoop (236 bytes)
Event: 297.692 Thread 0x0000000009c5c800 nmethod 2899 0x0000000002f6c390 code [0x0000000002f6c5a0, 0x0000000002f6d1f8]
Event: 298.273 Thread 0x0000000009c5c000 2900             net.minecraft.tileentity.TileEntityChest::writeToNBT (100 bytes)
Event: 298.308 Thread 0x0000000009c5c000 nmethod 2900 0x0000000002f70390 code [0x0000000002f70680, 0x0000000002f715a8]
Event: 298.364 Thread 0x0000000009c5c800 2901             net.minecraft.entity.Entity::newFloatNBTList (51 bytes)
Event: 298.368 Thread 0x0000000009c5c800 nmethod 2901 0x0000000002d5e690 code [0x0000000002d5e800, 0x0000000002d5ea88]
Event: 298.749 Thread 0x0000000009c5c000 2902             java.lang.Boolean::equals (29 bytes)
Event: 298.750 Thread 0x0000000009c5c000 nmethod 2902 0x0000000002cb1e90 code [0x0000000002cb1fe0, 0x0000000002cb2078]

GC Heap History (10 events):
Event: 285.146 GC heap before
{Heap before GC invocations=64 (full 15):
 par new generation   total 157248K, used 141481K [0x00000000dae00000, 0x00000000e58a0000, 0x00000000e58a0000)
  eden space 139776K, 100% used [0x00000000dae00000, 0x00000000e3680000, 0x00000000e3680000)
  from space 17472K,   9% used [0x00000000e4790000, 0x00000000e493a488, 0x00000000e58a0000)
  to   space 17472K,   0% used [0x00000000e3680000, 0x00000000e3680000, 0x00000000e4790000)
 concurrent mark-sweep generation total 349568K, used 105891K [0x00000000e58a0000, 0x00000000fae00000, 0x00000000fae00000)
 concurrent-mark-sweep perm gen total 57548K, used 34641K [0x00000000fae00000, 0x00000000fe633000, 0x0000000100000000)
Event: 285.152 GC heap after
Heap after GC invocations=65 (full 15):
 par new generation   total 157248K, used 3595K [0x00000000dae00000, 0x00000000e58a0000, 0x00000000e58a0000)
  eden space 139776K,   0% used [0x00000000dae00000, 0x00000000dae00000, 0x00000000e3680000)
  from space 17472K,  20% used [0x00000000e3680000, 0x00000000e3a02d28, 0x00000000e4790000)
  to   space 17472K,   0% used [0x00000000e4790000, 0x00000000e4790000, 0x00000000e58a0000)
 concurrent mark-sweep generation total 349568K, used 105933K [0x00000000e58a0000, 0x00000000fae00000, 0x00000000fae00000)
 concurrent-mark-sweep perm gen total 57548K, used 34641K [0x00000000fae00000, 0x00000000fe633000, 0x0000000100000000)
}
Event: 289.172 GC heap before
{Heap before GC invocations=65 (full 15):
 par new generation   total 157248K, used 143371K [0x00000000dae00000, 0x00000000e58a0000, 0x00000000e58a0000)
  eden space 139776K, 100% used [0x00000000dae00000, 0x00000000e3680000, 0x00000000e3680000)
  from space 17472K,  20% used [0x00000000e3680000, 0x00000000e3a02d28, 0x00000000e4790000)
  to   space 17472K,   0% used [0x00000000e4790000, 0x00000000e4790000, 0x00000000e58a0000)
 concurrent mark-sweep generation total 349568K, used 105933K [0x00000000e58a0000, 0x00000000fae00000, 0x00000000fae00000)
 concurrent-mark-sweep perm gen total 57548K, used 34658K [0x00000000fae00000, 0x00000000fe633000, 0x0000000100000000)
Event: 289.178 GC heap after
Heap after GC invocations=66 (full 15):
 par new generation   total 157248K, used 6428K [0x00000000dae00000, 0x00000000e58a0000, 0x00000000e58a0000)
  eden space 139776K,   0% used [0x00000000dae00000, 0x00000000dae00000, 0x00000000e3680000)
  from space 17472K,  36% used [0x00000000e4790000, 0x00000000e4dd73c0, 0x00000000e58a0000)
  to   space 17472K,   0% used [0x00000000e3680000, 0x00000000e3680000, 0x00000000e4790000)
 concurrent mark-sweep generation total 349568K, used 106000K [0x00000000e58a0000, 0x00000000fae00000, 0x00000000fae00000)
 concurrent-mark-sweep perm gen total 57548K, used 34658K [0x00000000fae00000, 0x00000000fe633000, 0x0000000100000000)
}
Event: 291.658 GC heap before
{Heap before GC invocations=66 (full 15):
 par new generation   total 157248K, used 146204K [0x00000000dae00000, 0x00000000e58a0000, 0x00000000e58a0000)
  eden space 139776K, 100% used [0x00000000dae00000, 0x00000000e3680000, 0x00000000e3680000)
  from space 17472K,  36% used [0x00000000e4790000, 0x00000000e4dd73c0, 0x00000000e58a0000)
  to   space 17472K,   0% used [0x00000000e3680000, 0x00000000e3680000, 0x00000000e4790000)
 concurrent mark-sweep generation total 349568K, used 106000K [0x00000000e58a0000, 0x00000000fae00000, 0x00000000fae00000)
 concurrent-mark-sweep perm gen total 57548K, used 34696K [0x00000000fae00000, 0x00000000fe633000, 0x0000000100000000)
Event: 291.666 GC heap after
Heap after GC invocations=67 (full 15):
 par new generation   total 157248K, used 9485K [0x00000000dae00000, 0x00000000e58a0000, 0x00000000e58a0000)
  eden space 139776K,   0% used [0x00000000dae00000, 0x00000000dae00000, 0x00000000e3680000)
  from space 17472K,  54% used [0x00000000e3680000, 0x00000000e3fc36e0, 0x00000000e4790000)
  to   space 17472K,   0% used [0x00000000e4790000, 0x00000000e4790000, 0x00000000e58a0000)
 concurrent mark-sweep generation total 349568K, used 106236K [0x00000000e58a0000, 0x00000000fae00000, 0x00000000fae00000)
 concurrent-mark-sweep perm gen total 57548K, used 34696K [0x00000000fae00000, 0x00000000fe633000, 0x0000000100000000)
}
Event: 294.507 GC heap before
{Heap before GC invocations=67 (full 15):
 par new generation   total 157248K, used 149261K [0x00000000dae00000, 0x00000000e58a0000, 0x00000000e58a0000)
  eden space 139776K, 100% used [0x00000000dae00000, 0x00000000e3680000, 0x00000000e3680000)
  from space 17472K,  54% used [0x00000000e3680000, 0x00000000e3fc36e0, 0x00000000e4790000)
  to   space 17472K,   0% used [0x00000000e4790000, 0x00000000e4790000, 0x00000000e58a0000)
 concurrent mark-sweep generation total 349568K, used 106236K [0x00000000e58a0000, 0x00000000fae00000, 0x00000000fae00000)
 concurrent-mark-sweep perm gen total 57548K, used 34719K [0x00000000fae00000, 0x00000000fe633000, 0x0000000100000000)
Event: 294.515 GC heap after
Heap after GC invocations=68 (full 15):
 par new generation   total 157248K, used 10858K [0x00000000dae00000, 0x00000000e58a0000, 0x00000000e58a0000)
  eden space 139776K,   0% used [0x00000000dae00000, 0x00000000dae00000, 0x00000000e3680000)
  from space 17472K,  62% used [0x00000000e4790000, 0x00000000e522a818, 0x00000000e58a0000)
  to   space 17472K,   0% used [0x00000000e3680000, 0x00000000e3680000, 0x00000000e4790000)
 concurrent mark-sweep generation total 349568K, used 106421K [0x00000000e58a0000, 0x00000000fae00000, 0x00000000fae00000)
 concurrent-mark-sweep perm gen total 57548K, used 34719K [0x00000000fae00000, 0x00000000fe633000, 0x0000000100000000)
}
Event: 297.222 GC heap before
{Heap before GC invocations=68 (full 15):
 par new generation   total 157248K, used 150634K [0x00000000dae00000, 0x00000000e58a0000, 0x00000000e58a0000)
  eden space 139776K, 100% used [0x00000000dae00000, 0x00000000e3680000, 0x00000000e3680000)
  from space 17472K,  62% used [0x00000000e4790000, 0x00000000e522a818, 0x00000000e58a0000)
  to   space 17472K,   0% used [0x00000000e3680000, 0x00000000e3680000, 0x00000000e4790000)
 concurrent mark-sweep generation total 349568K, used 106421K [0x00000000e58a0000, 0x00000000fae00000, 0x00000000fae00000)
 concurrent-mark-sweep perm gen total 57548K, used 34733K [0x00000000fae00000, 0x00000000fe633000, 0x0000000100000000)
Event: 297.237 GC heap after
Heap after GC invocations=69 (full 15):
 par new generation   total 157248K, used 11073K [0x00000000dae00000, 0x00000000e58a0000, 0x00000000e58a0000)
  eden space 139776K,   0% used [0x00000000dae00000, 0x00000000dae00000, 0x00000000e3680000)
  from space 17472K,  63% used [0x00000000e3680000, 0x00000000e4150630, 0x00000000e4790000)
  to   space 17472K,   0% used [0x00000000e4790000, 0x00000000e4790000, 0x00000000e58a0000)
 concurrent mark-sweep generation total 349568K, used 106777K [0x00000000e58a0000, 0x00000000fae00000, 0x00000000fae00000)
 concurrent-mark-sweep perm gen total 57548K, used 34733K [0x00000000fae00000, 0x00000000fe633000, 0x0000000100000000)
}

Deoptimization events (10 events):
Event: 297.757 Thread 0x000000000bcc9000 Uncommon trap: reason=bimorphic action=maybe_recompile pc=0x0000000002bccca0 method=io.netty.channel.DefaultChannelHandlerContext.executor()Lio/netty/util/concurrent/EventExecutor; @ 11
Event: 297.757 Thread 0x000000000bcc9000 Uncommon trap: reason=bimorphic action=maybe_recompile pc=0x0000000002bccca0 method=io.netty.channel.DefaultChannelHandlerContext.executor()Lio/netty/util/concurrent/EventExecutor; @ 11
Event: 297.934 Thread 0x000000000bcca800 Uncommon trap: reason=class_check action=maybe_recompile pc=0x0000000002e6e624 method=io.netty.util.concurrent.DefaultPromise.notifyListener0(Lio/netty/util/concurrent/Future;Lio/netty/util/concurrent/GenericFutureListener;)V @ 2
Event: 297.934 Thread 0x000000000bcca800 Uncommon trap: reason=null_check action=make_not_entrant pc=0x0000000002a78f54 method=io.netty.util.DefaultAttributeMap.attr(Lio/netty/util/AttributeKey;)Lio/netty/util/Attribute; @ 46
Event: 297.938 Thread 0x000000000bcca000 Uncommon trap: reason=bimorphic action=maybe_recompile pc=0x0000000002da5ed4 method=net.minecraft.network.NetworkManager.channelRead0(Lio/netty/channel/ChannelHandlerContext;Lnet/minecraft/network/Packet;)V @ 24
Event: 299.692 Thread 0x000000000bcc8800 Uncommon trap: reason=unreached action=reinterpret pc=0x0000000002bad3d4 method=java.lang.Class.privateGetDeclaredConstructors(Z)[Ljava/lang/reflect/Constructor; @ 23
Event: 299.700 Thread 0x000000000bcc8800 Uncommon trap: reason=bimorphic action=maybe_recompile pc=0x0000000002edeec4 method=java.util.AbstractCollection.toArray([Ljava/lang/Object;)[Ljava/lang/Object; @ 51
Event: 299.700 Thread 0x000000000bcc8800 Uncommon trap: reason=bimorphic action=maybe_recompile pc=0x0000000002edeec4 method=java.util.AbstractCollection.toArray([Ljava/lang/Object;)[Ljava/lang/Object; @ 51
Event: 299.711 Thread 0x000000000bcc8800 Uncommon trap: reason=bimorphic action=maybe_recompile pc=0x0000000002edeec4 method=java.util.AbstractCollection.toArray([Ljava/lang/Object;)[Ljava/lang/Object; @ 51
Event: 299.714 Thread 0x0000000015e82000 Uncommon trap: reason=bimorphic action=maybe_recompile pc=0x0000000002edeec4 method=java.util.AbstractCollection.toArray([Ljava/lang/Object;)[Ljava/lang/Object; @ 51

Internal exceptions (10 events):
Event: 298.547 Thread 0x000000000bcc8800 Threw 0x00000000de10e188 at C:\re\jdk7u65\1313\hotspot\src\share\vm\prims\jvm.cpp:1244
Event: 298.547 Thread 0x000000000bcc8800 Threw 0x00000000de115e38 at C:\re\jdk7u65\1313\hotspot\src\share\vm\prims\jvm.cpp:1244
Event: 298.548 Thread 0x000000000bcc8800 Threw 0x00000000de11dae8 at C:\re\jdk7u65\1313\hotspot\src\share\vm\prims\jvm.cpp:1244
Event: 298.553 Thread 0x000000000bcc8800 Threw 0x00000000de125798 at C:\re\jdk7u65\1313\hotspot\src\share\vm\prims\jvm.cpp:1244
Event: 298.553 Thread 0x000000000bcc8800 Threw 0x00000000de12d448 at C:\re\jdk7u65\1313\hotspot\src\share\vm\prims\jvm.cpp:1244
Event: 299.703 Thread 0x000000000bcc8800 Threw 0x00000000dee58a30 at C:\re\jdk7u65\1313\hotspot\src\share\vm\prims\jvm.cpp:1244
Event: 299.706 Thread 0x000000000bcc8800 Threw 0x00000000dee60aa8 at C:\re\jdk7u65\1313\hotspot\src\share\vm\prims\jvm.cpp:1244
Event: 299.711 Thread 0x000000000bcc8800 Threw 0x00000000dee66358 at C:\re\jdk7u65\1313\hotspot\src\share\vm\prims\jvm.cpp:1244
Event: 299.713 Thread 0x0000000015e82000 Threw 0x00000000defe7ce0 at C:\re\jdk7u65\1313\hotspot\src\share\vm\prims\jvm.cpp:1244
Event: 299.713 Thread 0x0000000015e82000 Threw 0x00000000defecf80 at C:\re\jdk7u65\1313\hotspot\src\share\vm\prims\jvm.cpp:1244

Events (10 events):
Event: 299.712 Thread 0x000000000bcc8800 Thread exited: 0x000000000bcc8800
Event: 299.712 Thread 0x0000000015e81000 Thread exited: 0x0000000015e81000
Event: 299.713 loading class 0x0000000009ef8e80
Event: 299.713 loading class 0x0000000009ef8e80 done
Event: 299.714 Thread 0x0000000015e82000 Uncommon trap: trap_request=0xffffffc6 fr.pc=0x0000000002edeec4
Event: 299.714 Thread 0x0000000015e82000 DEOPT PACKING pc=0x0000000002edeec4 sp=0x0000000022d6ef80
Event: 299.714 Thread 0x0000000015e82000 DEOPT UNPACKING pc=0x00000000026c75a4 sp=0x0000000022d6ef78 mode 2
Event: 299.772 Thread 0x0000000015e82000 Thread exited: 0x0000000015e82000
Event: 299.772 Thread 0x0000000009c33800 Thread exited: 0x0000000009c33800
Event: 299.772 Executing VM operation: Exit


Dynamic libraries:
0x000000013f7d0000 - 0x000000013f803000 	C:\Program Files\Java\jre7\bin\javaw.exe
0x0000000077a20000 - 0x0000000077bc9000 	C:\Windows\SYSTEM32\ntdll.dll
0x00000000776f0000 - 0x000000007780f000 	C:\Windows\system32\kernel32.dll
0x000007fefe1e0000 - 0x000007fefe24c000 	C:\Windows\system32\KERNELBASE.dll
0x000007feffc30000 - 0x000007feffd0b000 	C:\Windows\system32\ADVAPI32.dll
0x000007fefe8c0000 - 0x000007fefe95f000 	C:\Windows\system32\msvcrt.dll
0x000007feffd10000 - 0x000007feffd2f000 	C:\Windows\SYSTEM32\sechost.dll
0x000007fefe6c0000 - 0x000007fefe7ed000 	C:\Windows\system32\RPCRT4.dll
0x0000000077340000 - 0x000000007743a000 	C:\Windows\system32\USER32.dll
0x000007fefe640000 - 0x000007fefe6a7000 	C:\Windows\system32\GDI32.dll
0x000007feffaa0000 - 0x000007feffaae000 	C:\Windows\system32\LPK.dll
0x000007fefe7f0000 - 0x000007fefe8b9000 	C:\Windows\system32\USP10.dll
0x000007fefc930000 - 0x000007fefcb24000 	C:\Windows\WinSxS\amd64_microsoft.windows.common-controls_6595b64144ccf1df_6.0.7601.17514_none_fa396087175ac9ac\COMCTL32.dll
0x000007feff6f0000 - 0x000007feff761000 	C:\Windows\system32\SHLWAPI.dll
0x000007feff840000 - 0x000007feff86e000 	C:\Windows\system32\IMM32.DLL
0x000007feff890000 - 0x000007feff999000 	C:\Windows\system32\MSCTF.dll
0x00000000645c0000 - 0x0000000064692000 	C:\Program Files\Java\jre7\bin\msvcr100.dll
0x0000000063de0000 - 0x00000000645b2000 	C:\Program Files\Java\jre7\bin\server\jvm.dll
0x000007fef2b30000 - 0x000007fef2b39000 	C:\Windows\system32\WSOCK32.dll
0x000007feff7f0000 - 0x000007feff83d000 	C:\Windows\system32\WS2_32.dll
0x000007fefe6b0000 - 0x000007fefe6b8000 	C:\Windows\system32\NSI.dll
0x000007fefc030000 - 0x000007fefc06b000 	C:\Windows\system32\WINMM.dll
0x0000000077be0000 - 0x0000000077be7000 	C:\Windows\system32\PSAPI.DLL
0x0000000074140000 - 0x000000007414f000 	C:\Program Files\Java\jre7\bin\verify.dll
0x0000000074090000 - 0x00000000740b8000 	C:\Program Files\Java\jre7\bin\java.dll
0x0000000073c80000 - 0x0000000073cb5000 	C:\Program Files\Java\jre7\bin\jdwp.dll
0x0000000074130000 - 0x0000000074138000 	C:\Program Files\Java\jre7\bin\npt.dll
0x00000000740d0000 - 0x00000000740e5000 	C:\Program Files\Java\jre7\bin\zip.dll
0x00000000740c0000 - 0x00000000740c9000 	C:\Program Files\Java\jre7\bin\dt_socket.dll
0x000007fefbf00000 - 0x000007fefbf15000 	C:\Windows\system32\NLAapi.dll
0x000007fef1420000 - 0x000007fef1435000 	C:\Windows\system32\napinsp.dll
0x000007fef1400000 - 0x000007fef1419000 	C:\Windows\system32\pnrpnsp.dll
0x000007fefd6d0000 - 0x000007fefd725000 	C:\Windows\System32\mswsock.dll
0x000007fefd550000 - 0x000007fefd5ab000 	C:\Windows\system32\DNSAPI.dll
0x000007fef1be0000 - 0x000007fef1beb000 	C:\Windows\System32\winrnr.dll
0x000007fefa560000 - 0x000007fefa587000 	C:\Windows\system32\IPHLPAPI.DLL
0x000007fefa550000 - 0x000007fefa55b000 	C:\Windows\system32\WINNSI.DLL
0x000007fefb3c0000 - 0x000007fefb413000 	C:\Windows\System32\fwpuclnt.dll
0x000007fefb3b0000 - 0x000007fefb3b8000 	C:\Windows\system32\rasadhlp.dll
0x000007fefd090000 - 0x000007fefd097000 	C:\Windows\System32\wshtcpip.dll
0x0000000074030000 - 0x000000007403b000 	C:\Program Files\Java\jre7\bin\management.dll
0x0000000074070000 - 0x0000000074089000 	C:\Program Files\Java\jre7\bin\net.dll
0x000007fefd6c0000 - 0x000007fefd6c7000 	C:\Windows\System32\wship6.dll
0x0000000074050000 - 0x0000000074061000 	C:\Program Files\Java\jre7\bin\nio.dll
0x0000000180000000 - 0x0000000180051000 	H:\Jewelrycraft\1.7.10\build\natives\lwjgl64.dll
0x000007fef7a10000 - 0x000007fef7b2d000 	C:\Windows\system32\OPENGL32.dll
0x000007fef79e0000 - 0x000007fef7a0d000 	C:\Windows\system32\GLU32.dll
0x000007fef2cb0000 - 0x000007fef2da1000 	C:\Windows\system32\DDRAW.dll
0x000007fef2ea0000 - 0x000007fef2ea8000 	C:\Windows\system32\DCIMAN32.dll
0x000007fefe250000 - 0x000007fefe427000 	C:\Windows\system32\SETUPAPI.dll
0x000007fefe010000 - 0x000007fefe046000 	C:\Windows\system32\CFGMGR32.dll
0x000007feffab0000 - 0x000007feffb87000 	C:\Windows\system32\OLEAUT32.dll
0x000007fefe430000 - 0x000007fefe633000 	C:\Windows\system32\ole32.dll
0x000007fefe1c0000 - 0x000007fefe1da000 	C:\Windows\system32\DEVOBJ.dll
0x000007fefc210000 - 0x000007fefc228000 	C:\Windows\system32\dwmapi.dll
0x000007fefcfc0000 - 0x000007fefcfcc000 	C:\Windows\system32\VERSION.dll
0x000007fefd730000 - 0x000007fefd747000 	C:\Windows\system32\CRYPTSP.dll
0x000007fefd3f0000 - 0x000007fefd437000 	C:\Windows\system32\rsaenh.dll
0x000007fefd1d0000 - 0x000007fefd1ee000 	C:\Windows\system32\USERENV.dll
0x000007fefde80000 - 0x000007fefde8f000 	C:\Windows\system32\profapi.dll
0x000007fefddb0000 - 0x000007fefddbf000 	C:\Windows\system32\CRYPTBASE.dll
0x000007fefb440000 - 0x000007fefb451000 	C:\Windows\system32\dhcpcsvc6.DLL
0x000007fefb420000 - 0x000007fefb438000 	C:\Windows\system32\dhcpcsvc.DLL
0x0000000073a70000 - 0x0000000073c05000 	C:\Program Files\Java\jre7\bin\awt.dll
0x000007fefc5f0000 - 0x000007fefc646000 	C:\Windows\system32\uxtheme.dll
0x000007fef89e0000 - 0x000007fef8a5f000 	C:\Program Files\Common Files\microsoft shared\ink\tiptsf.dll
0x0000000061930000 - 0x0000000063776000 	C:\Windows\system32\nvoglv64.DLL
0x000007fefe960000 - 0x000007feff6e8000 	C:\Windows\system32\SHELL32.dll
0x000007fefd150000 - 0x000007fefd161000 	C:\Windows\system32\WTSAPI32.dll
0x000007fefdf30000 - 0x000007fefdf6a000 	C:\Windows\system32\WINTRUST.dll
0x000007fefe050000 - 0x000007fefe1b7000 	C:\Windows\system32\CRYPT32.dll
0x000007fefdf20000 - 0x000007fefdf2f000 	C:\Windows\system32\MSASN1.dll
0x000007fefc1a0000 - 0x000007fefc1cd000 	C:\Windows\system32\ntmarta.dll
0x000007feff9a0000 - 0x000007feff9f2000 	C:\Windows\system32\WLDAP32.dll
0x000007fefd510000 - 0x000007fefd54d000 	C:\Windows\system32\WINSTA.dll
0x000007fefae90000 - 0x000007fefaf2c000 	C:\Windows\system32\mscms.dll
0x000007fef8f80000 - 0x000007fef8fc2000 	C:\Windows\system32\icm32.dll
0x0000000070a40000 - 0x0000000070adc000 	H:\Jewelrycraft\1.7.10\build\natives\avutil-ttv-51.dll
0x0000000065980000 - 0x00000000659d6000 	H:\Jewelrycraft\1.7.10\build\natives\swresample-ttv-0.dll
0x000000006eb80000 - 0x000000006ec50000 	H:\Jewelrycraft\1.7.10\build\natives\libmp3lame-ttv.dll
0x000007feec620000 - 0x000007feed9c4000 	H:\Jewelrycraft\1.7.10\build\natives\libmfxsw64.dll
0x000007fef5f00000 - 0x000007fef602b000 	H:\Jewelrycraft\1.7.10\build\natives\twitchsdk.dll
0x0000000077590000 - 0x00000000776ea000 	C:\Windows\system32\WININET.dll
0x0000000077bf0000 - 0x0000000077bf3000 	C:\Windows\system32\Normaliz.dll
0x0000000077810000 - 0x0000000077a1f000 	C:\Windows\system32\iertutil.dll
0x0000000077440000 - 0x000000007758d000 	C:\Windows\system32\urlmon.dll
0x000007feffa00000 - 0x000007feffa99000 	C:\Windows\system32\CLBCatQ.DLL
0x000000000a680000 - 0x000000000a6e4000 	H:\Jewelrycraft\1.7.10\build\natives\OpenAL64.dll
0x000007fefc7d0000 - 0x000007fefc81b000 	C:\Windows\System32\MMDevApi.dll
0x000007fefc6a0000 - 0x000007fefc7cc000 	C:\Windows\System32\PROPSYS.dll
0x000007fef5e30000 - 0x000007fef5eb8000 	C:\Windows\system32\dsound.dll
0x000007fefc820000 - 0x000007fefc84c000 	C:\Windows\system32\POWRPROF.dll
0x000007fefbe00000 - 0x000007fefbe4f000 	C:\Windows\system32\AUDIOSES.DLL
0x000007fef7fc0000 - 0x000007fef7ff5000 	H:\DXTory\Dxtory2.0\DxtoryHK64.dll
0x000007fefada0000 - 0x000007fefadf4000 	C:\Windows\system32\oleacc.dll
0x000007feebd80000 - 0x000007feec61d000 	H:\DXTory\Dxtory2.0\DxtoryCore64.dll
0x000007fef5bd0000 - 0x000007fef5cd6000 	H:\DXTory\Dxtory2.0\DxtoryMM64.dll
0x000007fef82d0000 - 0x000007fef83f5000 	C:\Windows\system32\dbghelp.dll

VM Arguments:
jvm_args: -agentlib:jdwp=transport=dt_socket,suspend=y,address=localhost:55533 -Xincgc -Xmx512M -Xms512M -Dfml.ignoreInvalidMinecraftCertificates=true -Djava.library.path=H:\Jewelrycraft\1.7.10\build\natives;H:\Jewelrycraft\1.7.10\build\natives;H:\Jewelrycraft\1.7.10\build\natives;H:\Jewelrycraft\1.7.10\build\natives;H:\Jewelrycraft\1.7.10\build\natives;H:\Jewelrycraft\1.7.10\build\natives;H:\Jewelrycraft\1.7.10\build\natives;H:\Jewelrycraft\1.7.10\build\natives;H:\Jewelrycraft\1.7.10\build\natives;H:\Jewelrycraft\1.7.10\build\natives -Dfile.encoding=Cp1252 
java_command: net.minecraft.launchwrapper.Launch --version 1.7 --tweakClass cpw.mods.fml.common.launcher.FMLTweaker --username=sor1n --accessToken FML --userProperties={}
Launcher Type: SUN_STANDARD

Environment Variables:
JAVA_HOME=C:\Program Files\Java\jdk1.7.0_21
PATH=C:\ProgramData\Oracle\Java\javapath;C:\Program Files (x86)\NVIDIA Corporation\PhysX\Common;C:\Program Files\Java\jre7\bin;C:\Program Files\Microsoft SQL Server\110\Tools\Binn\;H:\Free stuff\TurtoiseGit\bin;H:\Git\bin;H:\Git\cmd;D:\gradle-1.12\bin;E:\Gource\cmd
USERNAME=Sorin
OS=Windows_NT
PROCESSOR_IDENTIFIER=Intel64 Family 6 Model 42 Stepping 7, GenuineIntel



---------------  S Y S T E M  ---------------

OS: Windows 7 , 64 bit Build 7601 Service Pack 1

CPU:total 4 (2 cores per cpu, 2 threads per core) family 6 model 42 stepping 7, cmov, cx8, fxsr, mmx, sse, sse2, sse3, ssse3, sse4.1, sse4.2, popcnt, avx, aes, ht, tsc, tscinvbit

Memory: 4k page, physical 6272880k(2932400k free), swap 6271028k(2568060k free)

vm_info: Java HotSpot(TM) 64-Bit Server VM (24.65-b04) for windows-amd64 JRE (1.7.0_65-b19), built on Jul  9 2014 17:47:07 by "java_re" with unknown MS VC++:1600

time: Thu Sep 04 18:06:39 2014
elapsed time: 300 seconds

